<?xml version="1.0" ?>
<!DOCTYPE coverage SYSTEM "http://cobertura.sourceforge.net/xml/coverage-04.dtd">
<coverage lines-valid="1178"  lines-covered="521"  line-rate="0.44229999999999997"  branches-valid="3924"  branches-covered="63"  branch-rate="0.0161"  timestamp="1416343682433" complexity="0" version="0.1">
<sources>
	<source>/Users/adam/Dropbox/gradeomatic</source>
</sources>
<packages>
	<package name="js"  line-rate="0.44229999999999997"  branch-rate="0.0161" >
	<classes>
		<class name="chartScripts.js"  filename="src/js/chartScripts.js"  line-rate="0.8267"  branch-rate="0.7778" >
		<methods>
			<method name="Question"  hits="46"  signature="()V" >
				<lines><line number="2"  hits="46" /></lines>
			</method>
			<method name="(anonymous_2)"  hits="46"  signature="()V" >
				<lines><line number="6"  hits="46" /></lines>
			</method>
			<method name="(anonymous_3)"  hits="40"  signature="()V" >
				<lines><line number="9"  hits="40" /></lines>
			</method>
			<method name="(anonymous_4)"  hits="40"  signature="()V" >
				<lines><line number="12"  hits="40" /></lines>
			</method>
			<method name="(anonymous_5)"  hits="10"  signature="()V" >
				<lines><line number="15"  hits="10" /></lines>
			</method>
			<method name="QuestionHolder"  hits="12"  signature="()V" >
				<lines><line number="20"  hits="12" /></lines>
			</method>
			<method name="(anonymous_7)"  hits="8"  signature="()V" >
				<lines><line number="26"  hits="8" /></lines>
			</method>
			<method name="(anonymous_8)"  hits="40"  signature="()V" >
				<lines><line number="28"  hits="40" /></lines>
			</method>
			<method name="(anonymous_9)"  hits="2"  signature="()V" >
				<lines><line number="38"  hits="2" /></lines>
			</method>
			<method name="(anonymous_10)"  hits="10"  signature="()V" >
				<lines><line number="40"  hits="10" /></lines>
			</method>
			<method name="(anonymous_11)"  hits="50"  signature="()V" >
				<lines><line number="43"  hits="50" /></lines>
			</method>
			<method name="(anonymous_12)"  hits="10"  signature="()V" >
				<lines><line number="56"  hits="10" /></lines>
			</method>
			<method name="(anonymous_13)"  hits="50"  signature="()V" >
				<lines><line number="58"  hits="50" /></lines>
			</method>
			<method name="(anonymous_14)"  hits="10"  signature="()V" >
				<lines><line number="71"  hits="10" /></lines>
			</method>
			<method name="(anonymous_15)"  hits="50"  signature="()V" >
				<lines><line number="73"  hits="50" /></lines>
			</method>
			<method name="(anonymous_16)"  hits="2"  signature="()V" >
				<lines><line number="84"  hits="2" /></lines>
			</method>
			<method name="(anonymous_17)"  hits="6"  signature="()V" >
				<lines><line number="86"  hits="6" /></lines>
			</method>
			<method name="Element"  hits="12"  signature="()V" >
				<lines><line number="93"  hits="12" /></lines>
			</method>
			<method name="(anonymous_19)"  hits="12"  signature="()V" >
				<lines><line number="96"  hits="12" /></lines>
			</method>
			<method name="(anonymous_20)"  hits="12"  signature="()V" >
				<lines><line number="99"  hits="12" /></lines>
			</method>
			<method name="(anonymous_21)"  hits="12"  signature="()V" >
				<lines><line number="102"  hits="12" /></lines>
			</method>
			<method name="(anonymous_22)"  hits="12"  signature="()V" >
				<lines><line number="105"  hits="12" /></lines>
			</method>
			<method name="(anonymous_23)"  hits="12"  signature="()V" >
				<lines><line number="108"  hits="12" /></lines>
			</method>
			<method name="(anonymous_24)"  hits="4"  signature="()V" >
				<lines><line number="111"  hits="4" /></lines>
			</method>
			<method name="ElementHolder"  hits="6"  signature="()V" >
				<lines><line number="115"  hits="6" /></lines>
			</method>
			<method name="(anonymous_26)"  hits="6"  signature="()V" >
				<lines><line number="118"  hits="6" /></lines>
			</method>
			<method name="(anonymous_27)"  hits="12"  signature="()V" >
				<lines><line number="120"  hits="12" /></lines>
			</method>
			<method name="(anonymous_28)"  hits="2"  signature="()V" >
				<lines><line number="130"  hits="2" /></lines>
			</method>
			<method name="(anonymous_29)"  hits="56"  signature="()V" >
				<lines><line number="132"  hits="56" /></lines>
			</method>
			<method name="(anonymous_30)"  hits="112"  signature="()V" >
				<lines><line number="135"  hits="112" /></lines>
			</method>
			<method name="(anonymous_31)"  hits="4"  signature="()V" >
				<lines><line number="142"  hits="4" /></lines>
			</method>
			<method name="(anonymous_32)"  hits="8"  signature="()V" >
				<lines><line number="144"  hits="8" /></lines>
			</method>
			<method name="divMaker"  hits="2"  signature="()V" >
				<lines><line number="156"  hits="2" /></lines>
			</method>
			<method name="(anonymous_34)"  hits="6"  signature="()V" >
				<lines><line number="157"  hits="6" /></lines>
			</method>
			<method name="makeOverallChart"  hits="0"  signature="()V" >
				<lines><line number="165"  hits="0" /></lines>
			</method>
			<method name="(anonymous_36)"  hits="0"  signature="()V" >
				<lines><line number="169"  hits="0" /></lines>
			</method>
			<method name="makeElementCharts"  hits="0"  signature="()V" >
				<lines><line number="180"  hits="0" /></lines>
			</method>
			<method name="(anonymous_38)"  hits="0"  signature="()V" >
				<lines><line number="183"  hits="0" /></lines>
			</method>
			<method name="(anonymous_39)"  hits="0"  signature="()V" >
				<lines><line number="192"  hits="0" /></lines>
			</method>
			<method name="chartDrawer"  hits="0"  signature="()V" >
				<lines><line number="203"  hits="0" /></lines>
			</method>
			<method name="consolidateElementScores"  hits="2"  signature="()V" >
				<lines><line number="248"  hits="2" /></lines>
			</method>
			<method name="(anonymous_42)"  hits="4"  signature="()V" >
				<lines><line number="250"  hits="4" /></lines>
			</method>
			<method name="(anonymous_43)"  hits="4"  signature="()V" >
				<lines><line number="251"  hits="4" /></lines>
			</method>
			<method name="QuestionDataObject"  hits="2"  signature="()V" >
				<lines><line number="260"  hits="2" /></lines>
			</method>
			<method name="(anonymous_45)"  hits="2"  signature="()V" >
				<lines><line number="270"  hits="2" /></lines>
			</method>
			<method name="(anonymous_46)"  hits="10"  signature="()V" >
				<lines><line number="275"  hits="10" /></lines>
			</method>
			<method name="QuestionAverages"  hits="2"  signature="()V" >
				<lines><line number="286"  hits="2" /></lines>
			</method>
			<method name="(anonymous_48)"  hits="2"  signature="()V" >
				<lines><line number="291"  hits="2" /></lines>
			</method>
			<method name="(anonymous_49)"  hits="10"  signature="()V" >
				<lines><line number="295"  hits="10" /></lines>
			</method>
		</methods>
		<lines>
			<line number="2"  hits="2"  branch="false" />
			<line number="3"  hits="46"  branch="false" />
			<line number="6"  hits="2"  branch="false" />
			<line number="7"  hits="46"  branch="false" />
			<line number="9"  hits="2"  branch="false" />
			<line number="10"  hits="40"  branch="false" />
			<line number="12"  hits="2"  branch="false" />
			<line number="13"  hits="40"  branch="true"  condition-coverage="100% (2/2)" />
			<line number="15"  hits="2"  branch="false" />
			<line number="16"  hits="10"  branch="false" />
			<line number="20"  hits="2"  branch="false" />
			<line number="21"  hits="12"  branch="false" />
			<line number="22"  hits="12"  branch="false" />
			<line number="23"  hits="12"  branch="false" />
			<line number="26"  hits="2"  branch="false" />
			<line number="27"  hits="8"  branch="false" />
			<line number="28"  hits="8"  branch="false" />
			<line number="29"  hits="40"  branch="false" />
			<line number="30"  hits="40"  branch="false" />
			<line number="31"  hits="40"  branch="false" />
			<line number="32"  hits="40"  branch="false" />
			<line number="33"  hits="40"  branch="false" />
			<line number="34"  hits="40"  branch="false" />
			<line number="38"  hits="2"  branch="false" />
			<line number="39"  hits="2"  branch="false" />
			<line number="40"  hits="2"  branch="false" />
			<line number="41"  hits="10"  branch="false" />
			<line number="42"  hits="10"  branch="false" />
			<line number="43"  hits="10"  branch="false" />
			<line number="44"  hits="50"  branch="true"  condition-coverage="100% (2/2)" />
			<line number="45"  hits="10"  branch="false" />
			<line number="56"  hits="2"  branch="false" />
			<line number="57"  hits="10"  branch="false" />
			<line number="58"  hits="10"  branch="false" />
			<line number="59"  hits="50"  branch="true"  condition-coverage="100% (2/2)" />
			<line number="60"  hits="10"  branch="false" />
			<line number="63"  hits="10"  branch="false" />
			<line number="71"  hits="2"  branch="false" />
			<line number="72"  hits="10"  branch="false" />
			<line number="73"  hits="10"  branch="false" />
			<line number="74"  hits="50"  branch="true"  condition-coverage="100% (2/2)" />
			<line number="75"  hits="10"  branch="false" />
			<line number="78"  hits="10"  branch="false" />
			<line number="84"  hits="2"  branch="false" />
			<line number="85"  hits="2"  branch="false" />
			<line number="86"  hits="2"  branch="false" />
			<line number="87"  hits="6"  branch="true"  condition-coverage="100% (2/2)" />
			<line number="88"  hits="4"  branch="false" />
			<line number="93"  hits="2"  branch="false" />
			<line number="94"  hits="12"  branch="false" />
			<line number="96"  hits="2"  branch="false" />
			<line number="97"  hits="12"  branch="false" />
			<line number="99"  hits="2"  branch="false" />
			<line number="100"  hits="12"  branch="false" />
			<line number="102"  hits="2"  branch="false" />
			<line number="103"  hits="12"  branch="false" />
			<line number="105"  hits="2"  branch="false" />
			<line number="106"  hits="12"  branch="false" />
			<line number="108"  hits="2"  branch="false" />
			<line number="109"  hits="12"  branch="false" />
			<line number="111"  hits="2"  branch="false" />
			<line number="112"  hits="4"  branch="false" />
			<line number="115"  hits="2"  branch="false" />
			<line number="116"  hits="6"  branch="false" />
			<line number="118"  hits="2"  branch="false" />
			<line number="119"  hits="6"  branch="false" />
			<line number="120"  hits="6"  branch="false" />
			<line number="121"  hits="12"  branch="false" />
			<line number="122"  hits="12"  branch="false" />
			<line number="123"  hits="12"  branch="false" />
			<line number="124"  hits="12"  branch="false" />
			<line number="125"  hits="12"  branch="false" />
			<line number="126"  hits="12"  branch="false" />
			<line number="127"  hits="12"  branch="false" />
			<line number="130"  hits="2"  branch="false" />
			<line number="131"  hits="2"  branch="false" />
			<line number="132"  hits="2"  branch="false" />
			<line number="133"  hits="56"  branch="false" />
			<line number="134"  hits="56"  branch="false" />
			<line number="135"  hits="56"  branch="false" />
			<line number="136"  hits="112"  branch="true"  condition-coverage="100% (2/2)" />
			<line number="137"  hits="4"  branch="false" />
			<line number="142"  hits="2"  branch="false" />
			<line number="143"  hits="4"  branch="false" />
			<line number="144"  hits="4"  branch="false" />
			<line number="145"  hits="8"  branch="true"  condition-coverage="100% (2/2)" />
			<line number="146"  hits="4"  branch="false" />
			<line number="149"  hits="4"  branch="false" />
			<line number="156"  hits="2"  branch="false" />
			<line number="157"  hits="2"  branch="false" />
			<line number="158"  hits="6"  branch="false" />
			<line number="159"  hits="6"  branch="false" />
			<line number="160"  hits="6"  branch="false" />
			<line number="165"  hits="2"  branch="false" />
			<line number="166"  hits="0"  branch="false" />
			<line number="167"  hits="0"  branch="false" />
			<line number="168"  hits="0"  branch="false" />
			<line number="169"  hits="0"  branch="false" />
			<line number="170"  hits="0"  branch="false" />
			<line number="171"  hits="0"  branch="true"  condition-coverage="0% (0/2)" />
			<line number="172"  hits="0"  branch="false" />
			<line number="173"  hits="0"  branch="false" />
			<line number="174"  hits="0"  branch="false" />
			<line number="177"  hits="0"  branch="false" />
			<line number="180"  hits="2"  branch="false" />
			<line number="181"  hits="0"  branch="false" />
			<line number="182"  hits="0"  branch="false" />
			<line number="183"  hits="0"  branch="false" />
			<line number="184"  hits="0"  branch="false" />
			<line number="185"  hits="0"  branch="false" />
			<line number="186"  hits="0"  branch="false" />
			<line number="187"  hits="0"  branch="false" />
			<line number="189"  hits="0"  branch="false" />
			<line number="191"  hits="0"  branch="true"  condition-coverage="0% (0/2)" />
			<line number="192"  hits="0"  branch="false" />
			<line number="193"  hits="0"  branch="false" />
			<line number="194"  hits="0"  branch="false" />
			<line number="195"  hits="0"  branch="false" />
			<line number="198"  hits="0"  branch="false" />
			<line number="199"  hits="0"  branch="false" />
			<line number="203"  hits="2"  branch="false" />
			<line number="204"  hits="0"  branch="false" />
			<line number="248"  hits="2"  branch="false" />
			<line number="249"  hits="2"  branch="false" />
			<line number="250"  hits="2"  branch="false" />
			<line number="251"  hits="4"  branch="false" />
			<line number="252"  hits="4"  branch="false" />
			<line number="255"  hits="2"  branch="false" />
			<line number="260"  hits="2"  branch="false" />
			<line number="261"  hits="2"  branch="false" />
			<line number="262"  hits="2"  branch="false" />
			<line number="263"  hits="2"  branch="false" />
			<line number="270"  hits="2"  branch="false" />
			<line number="271"  hits="2"  branch="false" />
			<line number="273"  hits="2"  branch="false" />
			<line number="274"  hits="2"  branch="false" />
			<line number="275"  hits="2"  branch="false" />
			<line number="276"  hits="10"  branch="false" />
			<line number="277"  hits="10"  branch="false" />
			<line number="278"  hits="10"  branch="false" />
			<line number="279"  hits="10"  branch="false" />
			<line number="286"  hits="2"  branch="false" />
			<line number="287"  hits="2"  branch="false" />
			<line number="288"  hits="2"  branch="false" />
			<line number="291"  hits="2"  branch="false" />
			<line number="292"  hits="2"  branch="false" />
			<line number="294"  hits="2"  branch="false" />
			<line number="295"  hits="2"  branch="false" />
			<line number="296"  hits="10"  branch="false" />
			<line number="297"  hits="10"  branch="false" />
		</lines>
		</class>
		<class name="commentreleaseScripts.js"  filename="src/js/commentreleaseScripts.js"  line-rate="0.31579999999999997"  branch-rate="0" >
		<methods>
			<method name="clearDisplayArea"  hits="0"  signature="()V" >
				<lines><line number="16"  hits="0" /></lines>
			</method>
			<method name="clearMessageArea"  hits="0"  signature="()V" >
				<lines><line number="20"  hits="0" /></lines>
			</method>
			<method name="checkMessages"  hits="0"  signature="()V" >
				<lines><line number="25"  hits="0" /></lines>
			</method>
			<method name="showHidden"  hits="0"  signature="()V" >
				<lines><line number="34"  hits="0" /></lines>
			</method>
			<method name="bindListeners"  hits="0"  signature="()V" >
				<lines><line number="38"  hits="0" /></lines>
			</method>
			<method name="(anonymous_6)"  hits="0"  signature="()V" >
				<lines><line number="39"  hits="0" /></lines>
			</method>
			<method name="(anonymous_7)"  hits="0"  signature="()V" >
				<lines><line number="42"  hits="0" /></lines>
			</method>
			<method name="makeDataTable"  hits="0"  signature="()V" >
				<lines><line number="47"  hits="0" /></lines>
			</method>
		</methods>
		<lines>
			<line number="16"  hits="1"  branch="false" />
			<line number="17"  hits="0"  branch="false" />
			<line number="20"  hits="1"  branch="false" />
			<line number="21"  hits="0"  branch="false" />
			<line number="22"  hits="0"  branch="false" />
			<line number="25"  hits="1"  branch="false" />
			<line number="26"  hits="0"  branch="false" />
			<line number="27"  hits="0"  branch="true"  condition-coverage="0% (0/2)" />
			<line number="28"  hits="0"  branch="false" />
			<line number="30"  hits="0"  branch="false" />
			<line number="34"  hits="1"  branch="false" />
			<line number="35"  hits="0"  branch="false" />
			<line number="38"  hits="1"  branch="false" />
			<line number="39"  hits="0"  branch="false" />
			<line number="40"  hits="0"  branch="false" />
			<line number="42"  hits="0"  branch="false" />
			<line number="43"  hits="0"  branch="false" />
			<line number="47"  hits="1"  branch="false" />
			<line number="48"  hits="0"  branch="false" />
		</lines>
		</class>
		<class name="commentsetupScripts.js"  filename="src/js/commentsetupScripts.js"  line-rate="0.6225999999999999"  branch-rate="0.5" >
		<methods>
			<method name="bindListeners"  hits="6"  signature="()V" >
				<lines><line number="20"  hits="6" /></lines>
			</method>
			<method name="(anonymous_2)"  hits="0"  signature="()V" >
				<lines><line number="22"  hits="0" /></lines>
			</method>
			<method name="(anonymous_3)"  hits="1"  signature="()V" >
				<lines><line number="27"  hits="1" /></lines>
			</method>
			<method name="(anonymous_4)"  hits="1"  signature="()V" >
				<lines><line number="31"  hits="1" /></lines>
			</method>
			<method name="(anonymous_5)"  hits="1"  signature="()V" >
				<lines><line number="36"  hits="1" /></lines>
			</method>
			<method name="(anonymous_6)"  hits="1"  signature="()V" >
				<lines><line number="39"  hits="1" /></lines>
			</method>
			<method name="(anonymous_7)"  hits="1"  signature="()V" >
				<lines><line number="42"  hits="1" /></lines>
			</method>
			<method name="(anonymous_8)"  hits="0"  signature="()V" >
				<lines><line number="45"  hits="0" /></lines>
			</method>
			<method name="getElementsForExam"  hits="0"  signature="()V" >
				<lines><line number="50"  hits="0" /></lines>
			</method>
			<method name="(anonymous_10)"  hits="0"  signature="()V" >
				<lines><line number="51"  hits="0" /></lines>
			</method>
			<method name="makeElementSelectors"  hits="0"  signature="()V" >
				<lines><line number="57"  hits="0" /></lines>
			</method>
			<method name="(anonymous_12)"  hits="0"  signature="()V" >
				<lines><line number="58"  hits="0" /></lines>
			</method>
			<method name="ScoreSelectMaker"  hits="2"  signature="()V" >
				<lines><line number="63"  hits="2" /></lines>
			</method>
			<method name="(anonymous_14)"  hits="3"  signature="()V" >
				<lines><line number="70"  hits="3" /></lines>
			</method>
			<method name="autosetElementSelects"  hits="0"  signature="()V" >
				<lines><line number="86"  hits="0" /></lines>
			</method>
			<method name="makeScoreSelects"  hits="1"  signature="()V" >
				<lines><line number="99"  hits="1" /></lines>
			</method>
			<method name="validateScoreOrder"  hits="4"  signature="()V" >
				<lines><line number="112"  hits="4" /></lines>
			</method>
			<method name="attachComments"  hits="0"  signature="()V" >
				<lines><line number="125"  hits="0" /></lines>
			</method>
			<method name="(anonymous_19)"  hits="0"  signature="()V" >
				<lines><line number="128"  hits="0" /></lines>
			</method>
			<method name="(anonymous_20)"  hits="0"  signature="()V" >
				<lines><line number="131"  hits="0" /></lines>
			</method>
			<method name="(anonymous_21)"  hits="0"  signature="()V" >
				<lines><line number="136"  hits="0" /></lines>
			</method>
		</methods>
		<lines>
			<line number="20"  hits="1"  branch="false" />
			<line number="22"  hits="6"  branch="false" />
			<line number="23"  hits="0"  branch="false" />
			<line number="24"  hits="0"  branch="false" />
			<line number="27"  hits="6"  branch="false" />
			<line number="28"  hits="1"  branch="false" />
			<line number="31"  hits="6"  branch="false" />
			<line number="32"  hits="1"  branch="false" />
			<line number="36"  hits="6"  branch="false" />
			<line number="37"  hits="1"  branch="false" />
			<line number="39"  hits="6"  branch="false" />
			<line number="40"  hits="1"  branch="false" />
			<line number="42"  hits="6"  branch="false" />
			<line number="43"  hits="1"  branch="false" />
			<line number="45"  hits="6"  branch="false" />
			<line number="46"  hits="0"  branch="false" />
			<line number="50"  hits="1"  branch="false" />
			<line number="51"  hits="0"  branch="false" />
			<line number="52"  hits="0"  branch="false" />
			<line number="57"  hits="1"  branch="false" />
			<line number="58"  hits="0"  branch="false" />
			<line number="59"  hits="0"  branch="false" />
			<line number="63"  hits="1"  branch="false" />
			<line number="64"  hits="2"  branch="false" />
			<line number="65"  hits="2"  branch="false" />
			<line number="66"  hits="2"  branch="false" />
			<line number="70"  hits="1"  branch="false" />
			<line number="71"  hits="3"  branch="false" />
			<line number="72"  hits="3"  branch="false" />
			<line number="73"  hits="123"  branch="false" />
			<line number="86"  hits="1"  branch="false" />
			<line number="88"  hits="0"  branch="false" />
			<line number="89"  hits="0"  branch="true"  condition-coverage="0% (0/2)" />
			<line number="90"  hits="0"  branch="false" />
			<line number="99"  hits="1"  branch="false" />
			<line number="100"  hits="1"  branch="false" />
			<line number="101"  hits="1"  branch="false" />
			<line number="102"  hits="1"  branch="false" />
			<line number="112"  hits="1"  branch="false" />
			<line number="113"  hits="4"  branch="true"  condition-coverage="100% (2/2)" />
			<line number="114"  hits="2"  branch="false" />
			<line number="116"  hits="2"  branch="false" />
			<line number="125"  hits="1"  branch="false" />
			<line number="126"  hits="0"  branch="false" />
			<line number="128"  hits="0"  branch="false" />
			<line number="129"  hits="0"  branch="false" />
			<line number="131"  hits="0"  branch="false" />
			<line number="132"  hits="0"  branch="false" />
			<line number="133"  hits="0"  branch="false" />
			<line number="134"  hits="0"  branch="false" />
			<line number="135"  hits="0"  branch="false" />
			<line number="136"  hits="0"  branch="false" />
			<line number="138"  hits="0"  branch="false" />
		</lines>
		</class>
		<class name="commonsetup.js"  filename="src/js/commonsetup.js"  line-rate="0.056600000000000004"  branch-rate="0" >
		<methods>
			<method name="responseHandler"  hits="0"  signature="()V" >
				<lines><line number="17"  hits="0" /></lines>
			</method>
			<method name="selectMaker"  hits="0"  signature="()V" >
				<lines><line number="36"  hits="0" /></lines>
			</method>
			<method name="Comment"  hits="0"  signature="()V" >
				<lines><line number="47"  hits="0" /></lines>
			</method>
			<method name="Question"  hits="0"  signature="()V" >
				<lines><line number="92"  hits="0" /></lines>
			</method>
			<method name="(anonymous_5)"  hits="0"  signature="()V" >
				<lines><line number="127"  hits="0" /></lines>
			</method>
			<method name="Element"  hits="0"  signature="()V" >
				<lines><line number="140"  hits="0" /></lines>
			</method>
			<method name="(anonymous_7)"  hits="0"  signature="()V" >
				<lines><line number="177"  hits="0" /></lines>
			</method>
			<method name="(anonymous_8)"  hits="0"  signature="()V" >
				<lines><line number="181"  hits="0" /></lines>
			</method>
			<method name="makeSelected"  hits="0"  signature="()V" >
				<lines><line number="192"  hits="0" /></lines>
			</method>
			<method name="removeSelected"  hits="0"  signature="()V" >
				<lines><line number="214"  hits="0" /></lines>
			</method>
			<method name="deleter"  hits="0"  signature="()V" >
				<lines><line number="240"  hits="0" /></lines>
			</method>
			<method name="(anonymous_12)"  hits="0"  signature="()V" >
				<lines><line number="255"  hits="0" /></lines>
			</method>
			<method name="(anonymous_13)"  hits="0"  signature="()V" >
				<lines><line number="271"  hits="0" /></lines>
			</method>
			<method name="(anonymous_14)"  hits="0"  signature="()V" >
				<lines><line number="279"  hits="0" /></lines>
			</method>
			<method name="(anonymous_15)"  hits="0"  signature="()V" >
				<lines><line number="291"  hits="0" /></lines>
			</method>
			<method name="(anonymous_16)"  hits="0"  signature="()V" >
				<lines><line number="299"  hits="0" /></lines>
			</method>
			<method name="(anonymous_17)"  hits="0"  signature="()V" >
				<lines><line number="311"  hits="0" /></lines>
			</method>
			<method name="(anonymous_18)"  hits="0"  signature="()V" >
				<lines><line number="319"  hits="0" /></lines>
			</method>
			<method name="edit"  hits="0"  signature="()V" >
				<lines><line number="335"  hits="0" /></lines>
			</method>
			<method name="(anonymous_20)"  hits="0"  signature="()V" >
				<lines><line number="360"  hits="0" /></lines>
			</method>
			<method name="(anonymous_21)"  hits="0"  signature="()V" >
				<lines><line number="364"  hits="0" /></lines>
			</method>
			<method name="makeNew"  hits="0"  signature="()V" >
				<lines><line number="376"  hits="0" /></lines>
			</method>
			<method name="(anonymous_23)"  hits="0"  signature="()V" >
				<lines><line number="391"  hits="0" /></lines>
			</method>
			<method name="questionSelectMaker"  hits="0"  signature="()V" >
				<lines><line number="404"  hits="0" /></lines>
			</method>
			<method name="assigner"  hits="0"  signature="()V" >
				<lines><line number="422"  hits="0" /></lines>
			</method>
			<method name="(anonymous_26)"  hits="0"  signature="()V" >
				<lines><line number="447"  hits="0" /></lines>
			</method>
			<method name="(anonymous_27)"  hits="0"  signature="()V" >
				<lines><line number="465"  hits="0" /></lines>
			</method>
			<method name="(anonymous_28)"  hits="0"  signature="()V" >
				<lines><line number="480"  hits="0" /></lines>
			</method>
		</methods>
		<lines>
			<line number="17"  hits="2"  branch="false" />
			<line number="19"  hits="0"  branch="false" />
			<line number="20"  hits="0"  branch="false" />
			<line number="36"  hits="2"  branch="false" />
			<line number="37"  hits="0"  branch="false" />
			<line number="38"  hits="0"  branch="false" />
			<line number="39"  hits="0"  branch="false" />
			<line number="40"  hits="0"  branch="false" />
			<line number="41"  hits="0"  branch="false" />
			<line number="43"  hits="0"  branch="false" />
			<line number="44"  hits="0"  branch="false" />
			<line number="47"  hits="2"  branch="false" />
			<line number="49"  hits="0"  branch="false" />
			<line number="50"  hits="0"  branch="false" />
			<line number="51"  hits="0"  branch="false" />
			<line number="52"  hits="0"  branch="false" />
			<line number="53"  hits="0"  branch="false" />
			<line number="54"  hits="0"  branch="false" />
			<line number="55"  hits="0"  branch="false" />
			<line number="56"  hits="0"  branch="false" />
			<line number="58"  hits="0"  branch="false" />
			<line number="59"  hits="0"  branch="false" />
			<line number="60"  hits="0"  branch="false" />
			<line number="61"  hits="0"  branch="false" />
			<line number="62"  hits="0"  branch="false" />
			<line number="63"  hits="0"  branch="false" />
			<line number="64"  hits="0"  branch="false" />
			<line number="65"  hits="0"  branch="false" />
			<line number="66"  hits="0"  branch="false" />
			<line number="67"  hits="0"  branch="false" />
			<line number="68"  hits="0"  branch="false" />
			<line number="69"  hits="0"  branch="false" />
			<line number="70"  hits="0"  branch="false" />
			<line number="71"  hits="0"  branch="false" />
			<line number="72"  hits="0"  branch="false" />
			<line number="73"  hits="0"  branch="false" />
			<line number="75"  hits="0"  branch="false" />
			<line number="76"  hits="0"  branch="false" />
			<line number="77"  hits="0"  branch="false" />
			<line number="78"  hits="0"  branch="false" />
			<line number="79"  hits="0"  branch="false" />
			<line number="80"  hits="0"  branch="false" />
			<line number="81"  hits="0"  branch="false" />
			<line number="82"  hits="0"  branch="false" />
			<line number="83"  hits="0"  branch="false" />
			<line number="84"  hits="0"  branch="false" />
			<line number="85"  hits="0"  branch="false" />
			<line number="86"  hits="0"  branch="false" />
			<line number="87"  hits="0"  branch="false" />
			<line number="88"  hits="0"  branch="false" />
			<line number="92"  hits="2"  branch="false" />
			<line number="93"  hits="0"  branch="false" />
			<line number="94"  hits="0"  branch="false" />
			<line number="95"  hits="0"  branch="false" />
			<line number="96"  hits="0"  branch="false" />
			<line number="97"  hits="0"  branch="false" />
			<line number="98"  hits="0"  branch="false" />
			<line number="99"  hits="0"  branch="false" />
			<line number="100"  hits="0"  branch="false" />
			<line number="101"  hits="0"  branch="false" />
			<line number="102"  hits="0"  branch="false" />
			<line number="103"  hits="0"  branch="false" />
			<line number="104"  hits="0"  branch="false" />
			<line number="105"  hits="0"  branch="false" />
			<line number="106"  hits="0"  branch="false" />
			<line number="107"  hits="0"  branch="false" />
			<line number="108"  hits="0"  branch="false" />
			<line number="109"  hits="0"  branch="false" />
			<line number="110"  hits="0"  branch="false" />
			<line number="111"  hits="0"  branch="false" />
			<line number="112"  hits="0"  branch="false" />
			<line number="113"  hits="0"  branch="false" />
			<line number="115"  hits="0"  branch="false" />
			<line number="116"  hits="0"  branch="false" />
			<line number="117"  hits="0"  branch="false" />
			<line number="118"  hits="0"  branch="false" />
			<line number="119"  hits="0"  branch="false" />
			<line number="120"  hits="0"  branch="false" />
			<line number="121"  hits="0"  branch="false" />
			<line number="123"  hits="0"  branch="false" />
			<line number="124"  hits="0"  branch="false" />
			<line number="125"  hits="0"  branch="false" />
			<line number="126"  hits="0"  branch="false" />
			<line number="127"  hits="0"  branch="false" />
			<line number="128"  hits="0"  branch="false" />
			<line number="129"  hits="0"  branch="false" />
			<line number="140"  hits="2"  branch="false" />
			<line number="141"  hits="0"  branch="false" />
			<line number="142"  hits="0"  branch="false" />
			<line number="143"  hits="0"  branch="false" />
			<line number="144"  hits="0"  branch="false" />
			<line number="145"  hits="0"  branch="false" />
			<line number="146"  hits="0"  branch="false" />
			<line number="147"  hits="0"  branch="false" />
			<line number="148"  hits="0"  branch="false" />
			<line number="149"  hits="0"  branch="false" />
			<line number="150"  hits="0"  branch="false" />
			<line number="151"  hits="0"  branch="false" />
			<line number="152"  hits="0"  branch="false" />
			<line number="153"  hits="0"  branch="false" />
			<line number="154"  hits="0"  branch="false" />
			<line number="155"  hits="0"  branch="false" />
			<line number="156"  hits="0"  branch="false" />
			<line number="157"  hits="0"  branch="false" />
			<line number="158"  hits="0"  branch="false" />
			<line number="159"  hits="0"  branch="false" />
			<line number="160"  hits="0"  branch="false" />
			<line number="161"  hits="0"  branch="false" />
			<line number="162"  hits="0"  branch="false" />
			<line number="164"  hits="0"  branch="false" />
			<line number="165"  hits="0"  branch="false" />
			<line number="166"  hits="0"  branch="false" />
			<line number="167"  hits="0"  branch="false" />
			<line number="168"  hits="0"  branch="false" />
			<line number="169"  hits="0"  branch="false" />
			<line number="170"  hits="0"  branch="false" />
			<line number="171"  hits="0"  branch="false" />
			<line number="172"  hits="0"  branch="false" />
			<line number="173"  hits="0"  branch="false" />
			<line number="174"  hits="0"  branch="false" />
			<line number="175"  hits="0"  branch="false" />
			<line number="176"  hits="0"  branch="false" />
			<line number="177"  hits="0"  branch="false" />
			<line number="178"  hits="0"  branch="false" />
			<line number="179"  hits="0"  branch="false" />
			<line number="181"  hits="0"  branch="false" />
			<line number="182"  hits="0"  branch="false" />
			<line number="183"  hits="0"  branch="false" />
			<line number="192"  hits="2"  branch="false" />
			<line number="193"  hits="0"  branch="false" />
			<line number="195"  hits="0"  branch="true"  condition-coverage="0% (0/2)" />
			<line number="196"  hits="0"  branch="false" />
			<line number="197"  hits="0"  branch="false" />
			<line number="198"  hits="0"  branch="false" />
			<line number="199"  hits="0"  branch="false" />
			<line number="200"  hits="0"  branch="false" />
			<line number="201"  hits="0"  branch="false" />
			<line number="202"  hits="0"  branch="false" />
			<line number="203"  hits="0"  branch="false" />
			<line number="205"  hits="0"  branch="false" />
			<line number="214"  hits="2"  branch="false" />
			<line number="215"  hits="0"  branch="false" />
			<line number="216"  hits="0"  branch="false" />
			<line number="217"  hits="0"  branch="false" />
			<line number="218"  hits="0"  branch="true"  condition-coverage="0% (0/2)" />
			<line number="220"  hits="0"  branch="false" />
			<line number="221"  hits="0"  branch="false" />
			<line number="223"  hits="0"  branch="false" />
			<line number="224"  hits="0"  branch="false" />
			<line number="225"  hits="0"  branch="false" />
			<line number="226"  hits="0"  branch="false" />
			<line number="227"  hits="0"  branch="false" />
			<line number="240"  hits="2"  branch="false" />
			<line number="241"  hits="0"  branch="true"  condition-coverage="0% (0/2)" />
			<line number="243"  hits="0"  branch="true"  condition-coverage="0% (0/2)" />
			<line number="244"  hits="0"  branch="false" />
			<line number="246"  hits="0"  branch="false" />
			<line number="248"  hits="0"  branch="true"  condition-coverage="0% (0/2)" />
			<line number="249"  hits="0"  branch="false" />
			<line number="251"  hits="0"  branch="false" />
			<line number="253"  hits="0"  branch="true"  condition-coverage="0% (0/2)" />
			<line number="254"  hits="0"  branch="false" />
			<line number="255"  hits="0"  branch="false" />
			<line number="256"  hits="0"  branch="true"  condition-coverage="0% (0/2)" />
			<line number="257"  hits="0"  branch="false" />
			<line number="259"  hits="0"  branch="false" />
			<line number="266"  hits="2"  branch="false" />
			<line number="272"  hits="0"  branch="false" />
			<line number="273"  hits="0"  branch="false" />
			<line number="274"  hits="0"  branch="false" />
			<line number="280"  hits="0"  branch="false" />
			<line number="286"  hits="2"  branch="false" />
			<line number="292"  hits="0"  branch="false" />
			<line number="293"  hits="0"  branch="false" />
			<line number="294"  hits="0"  branch="false" />
			<line number="300"  hits="0"  branch="false" />
			<line number="306"  hits="2"  branch="false" />
			<line number="312"  hits="0"  branch="false" />
			<line number="313"  hits="0"  branch="false" />
			<line number="314"  hits="0"  branch="false" />
			<line number="320"  hits="0"  branch="false" />
			<line number="335"  hits="2"  branch="false" />
			<line number="336"  hits="0"  branch="false" />
			<line number="337"  hits="0"  branch="true"  condition-coverage="0% (0/3)" />
			<line number="339"  hits="0"  branch="false" />
			<line number="340"  hits="0"  branch="false" />
			<line number="342"  hits="0"  branch="false" />
			<line number="343"  hits="0"  branch="false" />
			<line number="345"  hits="0"  branch="false" />
			<line number="346"  hits="0"  branch="false" />
			<line number="349"  hits="0"  branch="false" />
			<line number="351"  hits="0"  branch="false" />
			<line number="352"  hits="0"  branch="false" />
			<line number="354"  hits="0"  branch="false" />
			<line number="355"  hits="0"  branch="false" />
			<line number="356"  hits="0"  branch="false" />
			<line number="358"  hits="0"  branch="false" />
			<line number="359"  hits="0"  branch="false" />
			<line number="360"  hits="0"  branch="false" />
			<line number="361"  hits="0"  branch="false" />
			<line number="362"  hits="0"  branch="false" />
			<line number="363"  hits="0"  branch="false" />
			<line number="364"  hits="0"  branch="false" />
			<line number="365"  hits="0"  branch="false" />
			<line number="376"  hits="2"  branch="false" />
			<line number="377"  hits="0"  branch="true"  condition-coverage="0% (0/3)" />
			<line number="379"  hits="0"  branch="false" />
			<line number="380"  hits="0"  branch="false" />
			<line number="382"  hits="0"  branch="false" />
			<line number="383"  hits="0"  branch="false" />
			<line number="385"  hits="0"  branch="false" />
			<line number="386"  hits="0"  branch="false" />
			<line number="388"  hits="0"  branch="false" />
			<line number="389"  hits="0"  branch="false" />
			<line number="390"  hits="0"  branch="false" />
			<line number="391"  hits="0"  branch="false" />
			<line number="392"  hits="0"  branch="false" />
			<line number="404"  hits="2"  branch="false" />
			<line number="405"  hits="0"  branch="false" />
			<line number="406"  hits="0"  branch="false" />
			<line number="407"  hits="0"  branch="false" />
			<line number="408"  hits="0"  branch="false" />
			<line number="409"  hits="0"  branch="false" />
			<line number="410"  hits="0"  branch="false" />
			<line number="412"  hits="0"  branch="false" />
			<line number="413"  hits="0"  branch="false" />
			<line number="422"  hits="2"  branch="false" />
			<line number="423"  hits="0"  branch="true"  condition-coverage="0% (0/3)" />
			<line number="425"  hits="0"  branch="false" />
			<line number="426"  hits="0"  branch="false" />
			<line number="428"  hits="0"  branch="false" />
			<line number="429"  hits="0"  branch="false" />
			<line number="431"  hits="0"  branch="false" />
			<line number="432"  hits="0"  branch="false" />
			<line number="433"  hits="0"  branch="false" />
			<line number="435"  hits="0"  branch="true"  condition-coverage="0% (0/2)" />
			<line number="438"  hits="0"  branch="false" />
			<line number="439"  hits="0"  branch="true"  condition-coverage="0% (0/2)" />
			<line number="440"  hits="0"  branch="false" />
			<line number="443"  hits="0"  branch="false" />
			<line number="445"  hits="0"  branch="false" />
			<line number="447"  hits="0"  branch="false" />
			<line number="449"  hits="0"  branch="false" />
			<line number="452"  hits="0"  branch="true"  condition-coverage="0% (0/4)" />
			<line number="453"  hits="0"  branch="false" />
			<line number="454"  hits="0"  branch="false" />
			<line number="455"  hits="0"  branch="true"  condition-coverage="0% (0/2)" />
			<line number="456"  hits="0"  branch="false" />
			<line number="457"  hits="0"  branch="false" />
			<line number="461"  hits="0"  branch="false" />
			<line number="463"  hits="0"  branch="false" />
			<line number="465"  hits="0"  branch="false" />
			<line number="466"  hits="0"  branch="false" />
			<line number="467"  hits="0"  branch="false" />
			<line number="468"  hits="0"  branch="true"  condition-coverage="0% (0/2)" />
			<line number="471"  hits="0"  branch="false" />
			<line number="472"  hits="0"  branch="false" />
			<line number="474"  hits="0"  branch="false" />
			<line number="475"  hits="0"  branch="false" />
			<line number="476"  hits="0"  branch="false" />
			<line number="477"  hits="0"  branch="false" />
			<line number="479"  hits="0"  branch="false" />
			<line number="480"  hits="0"  branch="false" />
			<line number="481"  hits="0"  branch="false" />
			<line number="484"  hits="0"  branch="false" />
		</lines>
		</class>
		<class name="dashboardscripts.js"  filename="src/js/dashboardscripts.js"  line-rate="0.5139"  branch-rate="0.431" >
		<methods>
			<method name="secondsToMinutes"  hits="13"  signature="()V" >
				<lines><line number="18"  hits="13" /></lines>
			</method>
			<method name="secondsToHours"  hits="14"  signature="()V" >
				<lines><line number="39"  hits="14" /></lines>
			</method>
			<method name="unitChooser"  hits="11"  signature="()V" >
				<lines><line number="51"  hits="11" /></lines>
			</method>
			<method name="calculateElapsedTime"  hits="2"  signature="()V" >
				<lines><line number="68"  hits="2" /></lines>
			</method>
			<method name="timeFormat"  hits="10"  signature="()V" >
				<lines><line number="80"  hits="10" /></lines>
			</method>
			<method name="addLeadingZero"  hits="24"  signature="()V" >
				<lines><line number="95"  hits="24" /></lines>
			</method>
			<method name="sendTimerUpdate"  hits="2"  signature="()V" >
				<lines><line number="112"  hits="2" /></lines>
			</method>
			<method name="(anonymous_8)"  hits="0"  signature="()V" >
				<lines><line number="113"  hits="0" /></lines>
			</method>
			<method name="checkCurrentGroup"  hits="4"  signature="()V" >
				<lines><line number="128"  hits="4" /></lines>
			</method>
			<method name="autorunGroup"  hits="0"  signature="()V" >
				<lines><line number="146"  hits="0" /></lines>
			</method>
			<method name="TimerRecord"  hits="6"  signature="()V" >
				<lines><line number="171"  hits="6" /></lines>
			</method>
			<method name="(anonymous_12)"  hits="2"  signature="()V" >
				<lines><line number="187"  hits="2" /></lines>
			</method>
			<method name="(anonymous_13)"  hits="2"  signature="()V" >
				<lines><line number="188"  hits="2" /></lines>
			</method>
			<method name="(anonymous_14)"  hits="2"  signature="()V" >
				<lines><line number="191"  hits="2" /></lines>
			</method>
			<method name="(anonymous_15)"  hits="2"  signature="()V" >
				<lines><line number="195"  hits="2" /></lines>
			</method>
			<method name="(anonymous_16)"  hits="2"  signature="()V" >
				<lines><line number="200"  hits="2" /></lines>
			</method>
			<method name="(anonymous_17)"  hits="0"  signature="()V" >
				<lines><line number="202"  hits="0" /></lines>
			</method>
			<method name="(anonymous_18)"  hits="2"  signature="()V" >
				<lines><line number="212"  hits="2" /></lines>
			</method>
			<method name="TimerDisplay"  hits="3"  signature="()V" >
				<lines><line number="237"  hits="3" /></lines>
			</method>
			<method name="(anonymous_20)"  hits="0"  signature="()V" >
				<lines><line number="264"  hits="0" /></lines>
			</method>
			<method name="(anonymous_21)"  hits="0"  signature="()V" >
				<lines><line number="265"  hits="0" /></lines>
			</method>
			<method name="(anonymous_22)"  hits="0"  signature="()V" >
				<lines><line number="273"  hits="0" /></lines>
			</method>
			<method name="(anonymous_23)"  hits="0"  signature="()V" >
				<lines><line number="278"  hits="0" /></lines>
			</method>
			<method name="(anonymous_24)"  hits="0"  signature="()V" >
				<lines><line number="292"  hits="0" /></lines>
			</method>
			<method name="(anonymous_25)"  hits="0"  signature="()V" >
				<lines><line number="294"  hits="0" /></lines>
			</method>
			<method name="(anonymous_26)"  hits="0"  signature="()V" >
				<lines><line number="299"  hits="0" /></lines>
			</method>
			<method name="(anonymous_27)"  hits="0"  signature="()V" >
				<lines><line number="305"  hits="0" /></lines>
			</method>
			<method name="(anonymous_28)"  hits="0"  signature="()V" >
				<lines><line number="309"  hits="0" /></lines>
			</method>
			<method name="(anonymous_29)"  hits="0"  signature="()V" >
				<lines><line number="318"  hits="0" /></lines>
			</method>
			<method name="(anonymous_30)"  hits="0"  signature="()V" >
				<lines><line number="325"  hits="0" /></lines>
			</method>
			<method name="(anonymous_31)"  hits="6"  signature="()V" >
				<lines><line number="336"  hits="6" /></lines>
			</method>
			<method name="(anonymous_32)"  hits="4"  signature="()V" >
				<lines><line number="344"  hits="4" /></lines>
			</method>
			<method name="(anonymous_33)"  hits="1"  signature="()V" >
				<lines><line number="354"  hits="1" /></lines>
			</method>
			<method name="(anonymous_34)"  hits="0"  signature="()V" >
				<lines><line number="369"  hits="0" /></lines>
			</method>
			<method name="(anonymous_35)"  hits="0"  signature="()V" >
				<lines><line number="403"  hits="0" /></lines>
			</method>
			<method name="TimerCookie"  hits="0"  signature="()V" >
				<lines><line number="417"  hits="0" /></lines>
			</method>
			<method name="(anonymous_37)"  hits="0"  signature="()V" >
				<lines><line number="426"  hits="0" /></lines>
			</method>
			<method name="(anonymous_38)"  hits="0"  signature="()V" >
				<lines><line number="432"  hits="0" /></lines>
			</method>
			<method name="(anonymous_39)"  hits="0"  signature="()V" >
				<lines><line number="436"  hits="0" /></lines>
			</method>
			<method name="Stats"  hits="10"  signature="()V" >
				<lines><line number="450"  hits="10" /></lines>
			</method>
			<method name="(anonymous_41)"  hits="0"  signature="()V" >
				<lines><line number="469"  hits="0" /></lines>
			</method>
			<method name="(anonymous_42)"  hits="0"  signature="()V" >
				<lines><line number="473"  hits="0" /></lines>
			</method>
			<method name="(anonymous_43)"  hits="0"  signature="()V" >
				<lines><line number="477"  hits="0" /></lines>
			</method>
			<method name="(anonymous_44)"  hits="0"  signature="()V" >
				<lines><line number="481"  hits="0" /></lines>
			</method>
			<method name="(anonymous_45)"  hits="0"  signature="()V" >
				<lines><line number="488"  hits="0" /></lines>
			</method>
			<method name="(anonymous_46)"  hits="0"  signature="()V" >
				<lines><line number="490"  hits="0" /></lines>
			</method>
			<method name="(anonymous_47)"  hits="0"  signature="()V" >
				<lines><line number="491"  hits="0" /></lines>
			</method>
			<method name="(anonymous_48)"  hits="0"  signature="()V" >
				<lines><line number="504"  hits="0" /></lines>
			</method>
			<method name="(anonymous_49)"  hits="0"  signature="()V" >
				<lines><line number="506"  hits="0" /></lines>
			</method>
			<method name="(anonymous_50)"  hits="0"  signature="()V" >
				<lines><line number="507"  hits="0" /></lines>
			</method>
			<method name="(anonymous_51)"  hits="0"  signature="()V" >
				<lines><line number="546"  hits="0" /></lines>
			</method>
			<method name="(anonymous_52)"  hits="1"  signature="()V" >
				<lines><line number="550"  hits="1" /></lines>
			</method>
			<method name="(anonymous_53)"  hits="1"  signature="()V" >
				<lines><line number="554"  hits="1" /></lines>
			</method>
			<method name="(anonymous_54)"  hits="1"  signature="()V" >
				<lines><line number="558"  hits="1" /></lines>
			</method>
			<method name="(anonymous_55)"  hits="1"  signature="()V" >
				<lines><line number="562"  hits="1" /></lines>
			</method>
			<method name="(anonymous_56)"  hits="1"  signature="()V" >
				<lines><line number="566"  hits="1" /></lines>
			</method>
			<method name="(anonymous_57)"  hits="1"  signature="()V" >
				<lines><line number="569"  hits="1" /></lines>
			</method>
			<method name="(anonymous_58)"  hits="1"  signature="()V" >
				<lines><line number="572"  hits="1" /></lines>
			</method>
			<method name="(anonymous_59)"  hits="1"  signature="()V" >
				<lines><line number="575"  hits="1" /></lines>
			</method>
			<method name="(anonymous_60)"  hits="1"  signature="()V" >
				<lines><line number="578"  hits="1" /></lines>
			</method>
			<method name="(anonymous_61)"  hits="1"  signature="()V" >
				<lines><line number="581"  hits="1" /></lines>
			</method>
			<method name="(anonymous_62)"  hits="0"  signature="()V" >
				<lines><line number="584"  hits="0" /></lines>
			</method>
			<method name="(anonymous_63)"  hits="0"  signature="()V" >
				<lines><line number="587"  hits="0" /></lines>
			</method>
			<method name="(anonymous_64)"  hits="0"  signature="()V" >
				<lines><line number="594"  hits="0" /></lines>
			</method>
			<method name="(anonymous_65)"  hits="0"  signature="()V" >
				<lines><line number="596"  hits="0" /></lines>
			</method>
			<method name="(anonymous_66)"  hits="0"  signature="()V" >
				<lines><line number="597"  hits="0" /></lines>
			</method>
			<method name="(anonymous_67)"  hits="0"  signature="()V" >
				<lines><line number="609"  hits="0" /></lines>
			</method>
			<method name="(anonymous_68)"  hits="0"  signature="()V" >
				<lines><line number="633"  hits="0" /></lines>
			</method>
			<method name="(anonymous_69)"  hits="0"  signature="()V" >
				<lines><line number="636"  hits="0" /></lines>
			</method>
			<method name="(anonymous_70)"  hits="0"  signature="()V" >
				<lines><line number="642"  hits="0" /></lines>
			</method>
			<method name="(anonymous_71)"  hits="0"  signature="()V" >
				<lines><line number="660"  hits="0" /></lines>
			</method>
			<method name="(anonymous_72)"  hits="0"  signature="()V" >
				<lines><line number="663"  hits="0" /></lines>
			</method>
			<method name="(anonymous_73)"  hits="0"  signature="()V" >
				<lines><line number="664"  hits="0" /></lines>
			</method>
			<method name="(anonymous_74)"  hits="0"  signature="()V" >
				<lines><line number="675"  hits="0" /></lines>
			</method>
			<method name="bindHandlersToNewRecordButton"  hits="0"  signature="()V" >
				<lines><line number="700"  hits="0" /></lines>
			</method>
			<method name="(anonymous_76)"  hits="0"  signature="()V" >
				<lines><line number="701"  hits="0" /></lines>
			</method>
			<method name="(anonymous_77)"  hits="0"  signature="()V" >
				<lines><line number="712"  hits="0" /></lines>
			</method>
			<method name="(anonymous_78)"  hits="0"  signature="()V" >
				<lines><line number="716"  hits="0" /></lines>
			</method>
		</methods>
		<lines>
			<line number="18"  hits="1"  branch="false" />
			<line number="19"  hits="13"  branch="false" />
			<line number="20"  hits="13"  branch="true"  condition-coverage="100% (2/2)" />
			<line number="21"  hits="1"  branch="false" />
			<line number="23"  hits="12"  branch="true"  condition-coverage="100% (2/2)" />
			<line number="24"  hits="5"  branch="false" />
			<line number="25"  hits="5"  branch="false" />
			<line number="27"  hits="7"  branch="true"  condition-coverage="50% (1/2)" />
			<line number="28"  hits="7"  branch="false" />
			<line number="29"  hits="7"  branch="false" />
			<line number="31"  hits="13"  branch="false" />
			<line number="39"  hits="1"  branch="false" />
			<line number="40"  hits="14"  branch="false" />
			<line number="41"  hits="14"  branch="false" />
			<line number="42"  hits="14"  branch="false" />
			<line number="51"  hits="1"  branch="false" />
			<line number="52"  hits="11"  branch="false" />
			<line number="53"  hits="11"  branch="true"  condition-coverage="100% (2/2)" />
			<line number="54"  hits="6"  branch="false" />
			<line number="56"  hits="5"  branch="true"  condition-coverage="50% (1/2)" />
			<line number="57"  hits="5"  branch="false" />
			<line number="59"  hits="11"  branch="false" />
			<line number="68"  hits="1"  branch="false" />
			<line number="69"  hits="2"  branch="false" />
			<line number="70"  hits="2"  branch="false" />
			<line number="80"  hits="1"  branch="false" />
			<line number="81"  hits="10"  branch="false" />
			<line number="82"  hits="10"  branch="false" />
			<line number="83"  hits="10"  branch="false" />
			<line number="84"  hits="10"  branch="false" />
			<line number="85"  hits="10"  branch="false" />
			<line number="86"  hits="10"  branch="false" />
			<line number="95"  hits="1"  branch="false" />
			<line number="96"  hits="24"  branch="true"  condition-coverage="100% (2/2)" />
			<line number="97"  hits="20"  branch="false" />
			<line number="98"  hits="20"  branch="false" />
			<line number="101"  hits="4"  branch="false" />
			<line number="112"  hits="1"  branch="false" />
			<line number="113"  hits="2"  branch="false" />
			<line number="115"  hits="0"  branch="true"  condition-coverage="0% (0/4)" />
			<line number="128"  hits="1"  branch="false" />
			<line number="129"  hits="4"  branch="false" />
			<line number="130"  hits="4"  branch="false" />
			<line number="131"  hits="4"  branch="true"  condition-coverage="100% (2/2)" />
			<line number="132"  hits="3"  branch="false" />
			<line number="133"  hits="3"  branch="false" />
			<line number="134"  hits="3"  branch="false" />
			<line number="136"  hits="1"  branch="true"  condition-coverage="50% (1/2)" />
			<line number="137"  hits="0"  branch="false" />
			<line number="138"  hits="0"  branch="false" />
			<line number="139"  hits="0"  branch="false" />
			<line number="142"  hits="1"  branch="false" />
			<line number="146"  hits="1"  branch="false" />
			<line number="147"  hits="0"  branch="false" />
			<line number="148"  hits="0"  branch="true"  condition-coverage="0% (0/2)" />
			<line number="149"  hits="0"  branch="false" />
			<line number="150"  hits="0"  branch="false" />
			<line number="153"  hits="0"  branch="false" />
			<line number="171"  hits="1"  branch="false" />
			<line number="172"  hits="6"  branch="false" />
			<line number="173"  hits="6"  branch="false" />
			<line number="174"  hits="6"  branch="false" />
			<line number="175"  hits="6"  branch="false" />
			<line number="176"  hits="6"  branch="false" />
			<line number="177"  hits="6"  branch="false" />
			<line number="178"  hits="6"  branch="true"  condition-coverage="100% (2/2)" />
			<line number="179"  hits="3"  branch="false" />
			<line number="180"  hits="3"  branch="false" />
			<line number="182"  hits="3"  branch="true"  condition-coverage="50% (1/2)" />
			<line number="183"  hits="3"  branch="false" />
			<line number="184"  hits="3"  branch="false" />
			<line number="187"  hits="6"  branch="false" />
			<line number="188"  hits="6"  branch="false" />
			<line number="191"  hits="1"  branch="false" />
			<line number="192"  hits="2"  branch="false" />
			<line number="193"  hits="2"  branch="false" />
			<line number="195"  hits="1"  branch="false" />
			<line number="196"  hits="2"  branch="false" />
			<line number="197"  hits="2"  branch="false" />
			<line number="200"  hits="1"  branch="false" />
			<line number="201"  hits="2"  branch="false" />
			<line number="202"  hits="2"  branch="false" />
			<line number="203"  hits="0"  branch="false" />
			<line number="212"  hits="1"  branch="false" />
			<line number="213"  hits="2"  branch="false" />
			<line number="214"  hits="2"  branch="false" />
			<line number="215"  hits="2"  branch="false" />
			<line number="216"  hits="2"  branch="false" />
			<line number="217"  hits="2"  branch="false" />
			<line number="218"  hits="2"  branch="true"  condition-coverage="100% (2/2)" />
			<line number="219"  hits="1"  branch="false" />
			<line number="220"  hits="1"  branch="false" />
			<line number="222"  hits="1"  branch="true"  condition-coverage="50% (1/2)" />
			<line number="223"  hits="1"  branch="false" />
			<line number="224"  hits="1"  branch="false" />
			<line number="226"  hits="2"  branch="false" />
			<line number="237"  hits="1"  branch="false" />
			<line number="238"  hits="3"  branch="false" />
			<line number="239"  hits="3"  branch="false" />
			<line number="240"  hits="3"  branch="false" />
			<line number="241"  hits="3"  branch="false" />
			<line number="242"  hits="3"  branch="false" />
			<line number="243"  hits="3"  branch="false" />
			<line number="244"  hits="3"  branch="true"  condition-coverage="100% (2/2)" />
			<line number="245"  hits="2"  branch="false" />
			<line number="246"  hits="2"  branch="false" />
			<line number="247"  hits="2"  branch="false" />
			<line number="248"  hits="2"  branch="false" />
			<line number="250"  hits="1"  branch="true"  condition-coverage="50% (1/2)" />
			<line number="251"  hits="1"  branch="false" />
			<line number="252"  hits="1"  branch="false" />
			<line number="253"  hits="1"  branch="false" />
			<line number="254"  hits="1"  branch="false" />
			<line number="255"  hits="1"  branch="false" />
			<line number="257"  hits="1"  branch="true"  condition-coverage="50% (1/2)" />
			<line number="258"  hits="0"  branch="false" />
			<line number="264"  hits="3"  branch="false" />
			<line number="265"  hits="3"  branch="false" />
			<line number="273"  hits="1"  branch="false" />
			<line number="274"  hits="0"  branch="false" />
			<line number="275"  hits="0"  branch="false" />
			<line number="278"  hits="1"  branch="false" />
			<line number="279"  hits="0"  branch="true"  condition-coverage="0% (0/2)" />
			<line number="280"  hits="0"  branch="false" />
			<line number="282"  hits="0"  branch="true"  condition-coverage="0% (0/2)" />
			<line number="283"  hits="0"  branch="false" />
			<line number="285"  hits="0"  branch="false" />
			<line number="286"  hits="0"  branch="false" />
			<line number="287"  hits="0"  branch="false" />
			<line number="288"  hits="0"  branch="false" />
			<line number="289"  hits="0"  branch="false" />
			<line number="292"  hits="1"  branch="false" />
			<line number="293"  hits="0"  branch="false" />
			<line number="294"  hits="0"  branch="false" />
			<line number="295"  hits="0"  branch="false" />
			<line number="299"  hits="1"  branch="false" />
			<line number="300"  hits="0"  branch="false" />
			<line number="301"  hits="0"  branch="false" />
			<line number="302"  hits="0"  branch="false" />
			<line number="305"  hits="1"  branch="false" />
			<line number="306"  hits="0"  branch="false" />
			<line number="309"  hits="1"  branch="false" />
			<line number="310"  hits="0"  branch="false" />
			<line number="318"  hits="1"  branch="false" />
			<line number="319"  hits="0"  branch="false" />
			<line number="320"  hits="0"  branch="true"  condition-coverage="0% (0/2)" />
			<line number="321"  hits="0"  branch="false" />
			<line number="322"  hits="0"  branch="true"  condition-coverage="0% (0/2)" />
			<line number="323"  hits="0"  branch="false" />
			<line number="325"  hits="0"  branch="false" />
			<line number="326"  hits="0"  branch="true"  condition-coverage="0% (0/4)" />
			<line number="327"  hits="0"  branch="false" />
			<line number="336"  hits="1"  branch="false" />
			<line number="337"  hits="6"  branch="false" />
			<line number="344"  hits="1"  branch="false" />
			<line number="345"  hits="4"  branch="false" />
			<line number="346"  hits="4"  branch="false" />
			<line number="354"  hits="1"  branch="false" />
			<line number="355"  hits="1"  branch="true"  condition-coverage="50% (1/2)" />
			<line number="356"  hits="1"  branch="false" />
			<line number="357"  hits="1"  branch="true"  condition-coverage="50% (1/2)" />
			<line number="358"  hits="0"  branch="false" />
			<line number="369"  hits="1"  branch="false" />
			<line number="373"  hits="0"  branch="false" />
			<line number="374"  hits="0"  branch="true"  condition-coverage="0% (0/2)" />
			<line number="375"  hits="0"  branch="false" />
			<line number="376"  hits="0"  branch="false" />
			<line number="384"  hits="0"  branch="true"  condition-coverage="0% (0/2)" />
			<line number="385"  hits="0"  branch="false" />
			<line number="386"  hits="0"  branch="false" />
			<line number="391"  hits="0"  branch="false" />
			<line number="400"  hits="0"  branch="false" />
			<line number="403"  hits="1"  branch="false" />
			<line number="404"  hits="0"  branch="false" />
			<line number="405"  hits="0"  branch="false" />
			<line number="406"  hits="0"  branch="false" />
			<line number="407"  hits="0"  branch="false" />
			<line number="408"  hits="0"  branch="false" />
			<line number="409"  hits="0"  branch="false" />
			<line number="410"  hits="0"  branch="false" />
			<line number="411"  hits="0"  branch="false" />
			<line number="412"  hits="0"  branch="false" />
			<line number="413"  hits="0"  branch="false" />
			<line number="417"  hits="1"  branch="false" />
			<line number="418"  hits="0"  branch="false" />
			<line number="419"  hits="0"  branch="false" />
			<line number="420"  hits="0"  branch="false" />
			<line number="421"  hits="0"  branch="false" />
			<line number="422"  hits="0"  branch="false" />
			<line number="426"  hits="1"  branch="false" />
			<line number="427"  hits="0"  branch="false" />
			<line number="428"  hits="0"  branch="false" />
			<line number="429"  hits="0"  branch="false" />
			<line number="432"  hits="1"  branch="false" />
			<line number="433"  hits="0"  branch="false" />
			<line number="436"  hits="1"  branch="false" />
			<line number="437"  hits="0"  branch="false" />
			<line number="450"  hits="1"  branch="false" />
			<line number="460"  hits="10"  branch="false" />
			<line number="469"  hits="1"  branch="false" />
			<line number="470"  hits="0"  branch="false" />
			<line number="473"  hits="1"  branch="false" />
			<line number="474"  hits="0"  branch="false" />
			<line number="477"  hits="1"  branch="false" />
			<line number="478"  hits="0"  branch="false" />
			<line number="481"  hits="1"  branch="false" />
			<line number="482"  hits="0"  branch="false" />
			<line number="488"  hits="1"  branch="false" />
			<line number="489"  hits="0"  branch="false" />
			<line number="490"  hits="0"  branch="false" />
			<line number="491"  hits="0"  branch="false" />
			<line number="492"  hits="0"  branch="false" />
			<line number="493"  hits="0"  branch="false" />
			<line number="494"  hits="0"  branch="false" />
			<line number="495"  hits="0"  branch="false" />
			<line number="496"  hits="0"  branch="false" />
			<line number="497"  hits="0"  branch="false" />
			<line number="498"  hits="0"  branch="false" />
			<line number="504"  hits="1"  branch="false" />
			<line number="505"  hits="0"  branch="false" />
			<line number="506"  hits="0"  branch="false" />
			<line number="507"  hits="0"  branch="false" />
			<line number="508"  hits="0"  branch="false" />
			<line number="509"  hits="0"  branch="false" />
			<line number="511"  hits="0"  branch="false" />
			<line number="512"  hits="0"  branch="false" />
			<line number="514"  hits="0"  branch="false" />
			<line number="515"  hits="0"  branch="false" />
			<line number="517"  hits="0"  branch="false" />
			<line number="518"  hits="0"  branch="false" />
			<line number="520"  hits="0"  branch="false" />
			<line number="521"  hits="0"  branch="false" />
			<line number="523"  hits="0"  branch="false" />
			<line number="524"  hits="0"  branch="false" />
			<line number="526"  hits="0"  branch="false" />
			<line number="527"  hits="0"  branch="false" />
			<line number="529"  hits="0"  branch="false" />
			<line number="530"  hits="0"  branch="false" />
			<line number="532"  hits="0"  branch="false" />
			<line number="533"  hits="0"  branch="false" />
			<line number="535"  hits="0"  branch="false" />
			<line number="536"  hits="0"  branch="false" />
			<line number="538"  hits="0"  branch="false" />
			<line number="539"  hits="0"  branch="false" />
			<line number="546"  hits="1"  branch="false" />
			<line number="547"  hits="0"  branch="false" />
			<line number="550"  hits="1"  branch="false" />
			<line number="551"  hits="1"  branch="false" />
			<line number="554"  hits="1"  branch="false" />
			<line number="555"  hits="1"  branch="false" />
			<line number="558"  hits="1"  branch="false" />
			<line number="559"  hits="1"  branch="false" />
			<line number="562"  hits="1"  branch="false" />
			<line number="563"  hits="1"  branch="false" />
			<line number="566"  hits="1"  branch="false" />
			<line number="567"  hits="1"  branch="false" />
			<line number="569"  hits="1"  branch="false" />
			<line number="570"  hits="1"  branch="false" />
			<line number="572"  hits="1"  branch="false" />
			<line number="573"  hits="1"  branch="false" />
			<line number="575"  hits="1"  branch="false" />
			<line number="576"  hits="1"  branch="false" />
			<line number="578"  hits="1"  branch="false" />
			<line number="579"  hits="1"  branch="false" />
			<line number="581"  hits="1"  branch="false" />
			<line number="582"  hits="1"  branch="false" />
			<line number="584"  hits="1"  branch="false" />
			<line number="585"  hits="0"  branch="false" />
			<line number="586"  hits="0"  branch="false" />
			<line number="587"  hits="0"  branch="false" />
			<line number="588"  hits="0"  branch="false" />
			<line number="589"  hits="0"  branch="false" />
			<line number="594"  hits="1"  branch="false" />
			<line number="595"  hits="0"  branch="false" />
			<line number="596"  hits="0"  branch="false" />
			<line number="597"  hits="0"  branch="false" />
			<line number="598"  hits="0"  branch="false" />
			<line number="599"  hits="0"  branch="false" />
			<line number="600"  hits="0"  branch="false" />
			<line number="609"  hits="1"  branch="false" />
			<line number="610"  hits="0"  branch="false" />
			<line number="611"  hits="0"  branch="false" />
			<line number="612"  hits="0"  branch="false" />
			<line number="613"  hits="0"  branch="false" />
			<line number="614"  hits="0"  branch="false" />
			<line number="620"  hits="0"  branch="false" />
			<line number="633"  hits="1"  branch="false" />
			<line number="634"  hits="0"  branch="false" />
			<line number="635"  hits="0"  branch="false" />
			<line number="636"  hits="0"  branch="false" />
			<line number="637"  hits="0"  branch="false" />
			<line number="638"  hits="0"  branch="false" />
			<line number="642"  hits="1"  branch="false" />
			<line number="643"  hits="0"  branch="false" />
			<line number="644"  hits="0"  branch="false" />
			<line number="660"  hits="1"  branch="false" />
			<line number="661"  hits="0"  branch="false" />
			<line number="662"  hits="0"  branch="false" />
			<line number="663"  hits="0"  branch="false" />
			<line number="664"  hits="0"  branch="false" />
			<line number="665"  hits="0"  branch="false" />
			<line number="666"  hits="0"  branch="false" />
			<line number="675"  hits="1"  branch="false" />
			<line number="676"  hits="0"  branch="false" />
			<line number="677"  hits="0"  branch="false" />
			<line number="678"  hits="0"  branch="false" />
			<line number="700"  hits="1"  branch="false" />
			<line number="701"  hits="0"  branch="false" />
			<line number="702"  hits="0"  branch="false" />
			<line number="703"  hits="0"  branch="false" />
			<line number="704"  hits="0"  branch="false" />
			<line number="705"  hits="0"  branch="false" />
			<line number="706"  hits="0"  branch="false" />
			<line number="707"  hits="0"  branch="false" />
			<line number="708"  hits="0"  branch="false" />
			<line number="710"  hits="0"  branch="true"  condition-coverage="0% (0/2)" />
			<line number="711"  hits="0"  branch="false" />
			<line number="712"  hits="0"  branch="false" />
			<line number="714"  hits="0"  branch="false" />
			<line number="715"  hits="0"  branch="false" />
			<line number="716"  hits="0"  branch="false" />
			<line number="717"  hits="0"  branch="false" />
			<line number="718"  hits="0"  branch="false" />
		</lines>
		</class>
		<class name="examSetupScripts.js"  filename="src/js/examSetupScripts.js"  line-rate="0.9"  branch-rate="1" >
		<methods>
			<method name="filterAssignedQuestions"  hits="1"  signature="()V" >
				<lines><line number="15"  hits="1" /></lines>
			</method>
			<method name="(anonymous_2)"  hits="3"  signature="()V" >
				<lines><line number="16"  hits="3" /></lines>
			</method>
			<method name="sender"  hits="0"  signature="()V" >
				<lines><line number="30"  hits="0" /></lines>
			</method>
			<method name="(anonymous_4)"  hits="0"  signature="()V" >
				<lines><line number="31"  hits="0" /></lines>
			</method>
			<method name="bindListeners"  hits="4"  signature="()V" >
				<lines><line number="40"  hits="4" /></lines>
			</method>
			<method name="(anonymous_6)"  hits="1"  signature="()V" >
				<lines><line number="42"  hits="1" /></lines>
			</method>
			<method name="(anonymous_7)"  hits="1"  signature="()V" >
				<lines><line number="49"  hits="1" /></lines>
			</method>
			<method name="(anonymous_8)"  hits="1"  signature="()V" >
				<lines><line number="56"  hits="1" /></lines>
			</method>
			<method name="(anonymous_9)"  hits="1"  signature="()V" >
				<lines><line number="61"  hits="1" /></lines>
			</method>
		</methods>
		<lines>
			<line number="15"  hits="1"  branch="false" />
			<line number="16"  hits="1"  branch="false" />
			<line number="17"  hits="3"  branch="false" />
			<line number="18"  hits="3"  branch="false" />
			<line number="30"  hits="1"  branch="false" />
			<line number="31"  hits="0"  branch="false" />
			<line number="32"  hits="0"  branch="false" />
			<line number="40"  hits="1"  branch="false" />
			<line number="42"  hits="4"  branch="false" />
			<line number="43"  hits="1"  branch="false" />
			<line number="44"  hits="1"  branch="false" />
			<line number="45"  hits="1"  branch="false" />
			<line number="49"  hits="4"  branch="false" />
			<line number="50"  hits="1"  branch="false" />
			<line number="51"  hits="1"  branch="false" />
			<line number="52"  hits="1"  branch="false" />
			<line number="56"  hits="4"  branch="false" />
			<line number="57"  hits="1"  branch="false" />
			<line number="61"  hits="4"  branch="false" />
			<line number="62"  hits="1"  branch="false" />
		</lines>
		</class>
		<class name="gradeassignerScripts.js"  filename="src/js/gradeassignerScripts.js"  line-rate="0.1525"  branch-rate="0" >
		<methods>
			<method name="(anonymous_1)"  hits="0"  signature="()V" >
				<lines><line number="18"  hits="0" /></lines>
			</method>
			<method name="(anonymous_2)"  hits="0"  signature="()V" >
				<lines><line number="23"  hits="0" /></lines>
			</method>
			<method name="SliderUpdater"  hits="0"  signature="()V" >
				<lines><line number="40"  hits="0" /></lines>
			</method>
			<method name="(anonymous_4)"  hits="0"  signature="()V" >
				<lines><line number="50"  hits="0" /></lines>
			</method>
			<method name="(anonymous_5)"  hits="0"  signature="()V" >
				<lines><line number="64"  hits="0" /></lines>
			</method>
			<method name="(anonymous_6)"  hits="0"  signature="()V" >
				<lines><line number="74"  hits="0" /></lines>
			</method>
			<method name="ConsistencyChecker"  hits="0"  signature="()V" >
				<lines><line number="87"  hits="0" /></lines>
			</method>
			<method name="(anonymous_8)"  hits="0"  signature="()V" >
				<lines><line number="109"  hits="0" /></lines>
			</method>
			<method name="(anonymous_9)"  hits="0"  signature="()V" >
				<lines><line number="119"  hits="0" /></lines>
			</method>
			<method name="(anonymous_10)"  hits="0"  signature="()V" >
				<lines><line number="136"  hits="0" /></lines>
			</method>
			<method name="(anonymous_11)"  hits="0"  signature="()V" >
				<lines><line number="140"  hits="0" /></lines>
			</method>
			<method name="(anonymous_12)"  hits="0"  signature="()V" >
				<lines><line number="142"  hits="0" /></lines>
			</method>
			<method name="(anonymous_13)"  hits="0"  signature="()V" >
				<lines><line number="162"  hits="0" /></lines>
			</method>
			<method name="(anonymous_14)"  hits="0"  signature="()V" >
				<lines><line number="206"  hits="0" /></lines>
			</method>
			<method name="(anonymous_15)"  hits="0"  signature="()V" >
				<lines><line number="210"  hits="0" /></lines>
			</method>
			<method name="(anonymous_16)"  hits="0"  signature="()V" >
				<lines><line number="215"  hits="0" /></lines>
			</method>
			<method name="(anonymous_17)"  hits="0"  signature="()V" >
				<lines><line number="222"  hits="0" /></lines>
			</method>
			<method name="(anonymous_18)"  hits="0"  signature="()V" >
				<lines><line number="228"  hits="0" /></lines>
			</method>
			<method name="(anonymous_19)"  hits="0"  signature="()V" >
				<lines><line number="236"  hits="0" /></lines>
			</method>
			<method name="(anonymous_20)"  hits="0"  signature="()V" >
				<lines><line number="242"  hits="0" /></lines>
			</method>
			<method name="(anonymous_21)"  hits="0"  signature="()V" >
				<lines><line number="248"  hits="0" /></lines>
			</method>
			<method name="(anonymous_22)"  hits="0"  signature="()V" >
				<lines><line number="252"  hits="0" /></lines>
			</method>
			<method name="(anonymous_23)"  hits="0"  signature="()V" >
				<lines><line number="257"  hits="0" /></lines>
			</method>
			<method name="(anonymous_24)"  hits="0"  signature="()V" >
				<lines><line number="263"  hits="0" /></lines>
			</method>
			<method name="(anonymous_25)"  hits="0"  signature="()V" >
				<lines><line number="269"  hits="0" /></lines>
			</method>
			<method name="setSliderPositions"  hits="0"  signature="()V" >
				<lines><line number="279"  hits="0" /></lines>
			</method>
			<method name="(anonymous_27)"  hits="0"  signature="()V" >
				<lines><line number="280"  hits="0" /></lines>
			</method>
		</methods>
		<lines>
			<line number="10"  hits="1"  branch="false" />
			<line number="19"  hits="0"  branch="false" />
			<line number="20"  hits="0"  branch="false" />
			<line number="21"  hits="0"  branch="false" />
			<line number="24"  hits="0"  branch="true"  condition-coverage="0% (0/2)" />
			<line number="25"  hits="0"  branch="false" />
			<line number="26"  hits="0"  branch="true"  condition-coverage="0% (0/2)" />
			<line number="27"  hits="0"  branch="false" />
			<line number="28"  hits="0"  branch="false" />
			<line number="40"  hits="1"  branch="false" />
			<line number="41"  hits="0"  branch="false" />
			<line number="50"  hits="1"  branch="false" />
			<line number="51"  hits="0"  branch="false" />
			<line number="52"  hits="0"  branch="false" />
			<line number="53"  hits="0"  branch="false" />
			<line number="54"  hits="0"  branch="false" />
			<line number="64"  hits="1"  branch="false" />
			<line number="65"  hits="0"  branch="false" />
			<line number="74"  hits="1"  branch="false" />
			<line number="75"  hits="0"  branch="false" />
			<line number="76"  hits="0"  branch="false" />
			<line number="77"  hits="0"  branch="false" />
			<line number="78"  hits="0"  branch="false" />
			<line number="87"  hits="1"  branch="false" />
			<line number="89"  hits="0"  branch="false" />
			<line number="90"  hits="0"  branch="false" />
			<line number="103"  hits="0"  branch="false" />
			<line number="109"  hits="1"  branch="false" />
			<line number="110"  hits="0"  branch="false" />
			<line number="111"  hits="0"  branch="false" />
			<line number="112"  hits="0"  branch="false" />
			<line number="113"  hits="0"  branch="false" />
			<line number="114"  hits="0"  branch="false" />
			<line number="119"  hits="1"  branch="false" />
			<line number="121"  hits="0"  branch="true"  condition-coverage="0% (0/2)" />
			<line number="122"  hits="0"  branch="false" />
			<line number="124"  hits="0"  branch="true"  condition-coverage="0% (0/2)" />
			<line number="125"  hits="0"  branch="false" />
			<line number="127"  hits="0"  branch="false" />
			<line number="136"  hits="1"  branch="false" />
			<line number="137"  hits="0"  branch="false" />
			<line number="138"  hits="0"  branch="false" />
			<line number="140"  hits="0"  branch="false" />
			<line number="141"  hits="0"  branch="false" />
			<line number="142"  hits="0"  branch="false" />
			<line number="143"  hits="0"  branch="false" />
			<line number="144"  hits="0"  branch="true"  condition-coverage="0% (0/2)" />
			<line number="145"  hits="0"  branch="false" />
			<line number="147"  hits="0"  branch="true"  condition-coverage="0% (0/2)" />
			<line number="150"  hits="0"  branch="false" />
			<line number="155"  hits="0"  branch="false" />
			<line number="162"  hits="1"  branch="false" />
			<line number="163"  hits="0"  branch="false" />
			<line number="164"  hits="0"  branch="false" />
			<line number="165"  hits="0"  branch="false" />
			<line number="166"  hits="0"  branch="false" />
			<line number="170"  hits="0"  branch="false" />
			<line number="171"  hits="0"  branch="false" />
			<line number="172"  hits="0"  branch="true"  condition-coverage="0% (0/2)" />
			<line number="173"  hits="0"  branch="false" />
			<line number="174"  hits="0"  branch="false" />
			<line number="177"  hits="0"  branch="false" />
			<line number="178"  hits="0"  branch="false" />
			<line number="180"  hits="0"  branch="true"  condition-coverage="0% (0/2)" />
			<line number="181"  hits="0"  branch="false" />
			<line number="182"  hits="0"  branch="false" />
			<line number="185"  hits="0"  branch="true"  condition-coverage="0% (0/2)" />
			<line number="186"  hits="0"  branch="false" />
			<line number="187"  hits="0"  branch="false" />
			<line number="188"  hits="0"  branch="false" />
			<line number="189"  hits="0"  branch="false" />
			<line number="192"  hits="0"  branch="true"  condition-coverage="0% (0/2)" />
			<line number="193"  hits="0"  branch="false" />
			<line number="194"  hits="0"  branch="false" />
			<line number="197"  hits="0"  branch="false" />
			<line number="206"  hits="1"  branch="false" />
			<line number="208"  hits="0"  branch="false" />
			<line number="209"  hits="0"  branch="false" />
			<line number="210"  hits="0"  branch="false" />
			<line number="211"  hits="0"  branch="false" />
			<line number="212"  hits="0"  branch="false" />
			<line number="215"  hits="1"  branch="false" />
			<line number="216"  hits="0"  branch="false" />
			<line number="217"  hits="0"  branch="false" />
			<line number="218"  hits="0"  branch="false" />
			<line number="222"  hits="1"  branch="false" />
			<line number="223"  hits="0"  branch="false" />
			<line number="224"  hits="0"  branch="false" />
			<line number="225"  hits="0"  branch="false" />
			<line number="226"  hits="0"  branch="false" />
			<line number="228"  hits="0"  branch="false" />
			<line number="229"  hits="0"  branch="false" />
			<line number="236"  hits="0"  branch="false" />
			<line number="237"  hits="0"  branch="false" />
			<line number="238"  hits="0"  branch="true"  condition-coverage="0% (0/2)" />
			<line number="239"  hits="0"  branch="false" />
			<line number="242"  hits="0"  branch="false" />
			<line number="243"  hits="0"  branch="false" />
			<line number="244"  hits="0"  branch="false" />
			<line number="248"  hits="1"  branch="false" />
			<line number="249"  hits="0"  branch="false" />
			<line number="250"  hits="0"  branch="false" />
			<line number="252"  hits="0"  branch="false" />
			<line number="253"  hits="0"  branch="false" />
			<line number="257"  hits="1"  branch="false" />
			<line number="258"  hits="0"  branch="false" />
			<line number="259"  hits="0"  branch="false" />
			<line number="260"  hits="0"  branch="false" />
			<line number="263"  hits="1"  branch="false" />
			<line number="269"  hits="1"  branch="false" />
			<line number="270"  hits="0"  branch="false" />
			<line number="271"  hits="0"  branch="false" />
			<line number="279"  hits="1"  branch="false" />
			<line number="280"  hits="0"  branch="false" />
			<line number="281"  hits="0"  branch="false" />
			<line number="282"  hits="0"  branch="false" />
			<line number="283"  hits="0"  branch="false" />
			<line number="284"  hits="0"  branch="false" />
		</lines>
		</class>
		<class name="inputScripts.js"  filename="src/js/inputScripts.js"  line-rate="0.6028"  branch-rate="0.16670000000000001" >
		<methods>
			<method name="Exam"  hits="3"  signature="()V" >
				<lines><line number="17"  hits="3" /></lines>
			</method>
			<method name="(anonymous_2)"  hits="2"  signature="()V" >
				<lines><line number="58"  hits="2" /></lines>
			</method>
			<method name="load"  hits="0"  signature="()V" >
[...]
			</method>
			<method name="str"  hits="0"  signature="()V" >
				<lines><line number="4"  hits="0" /></lines>
			</method>
			<method name="(anonymous_352)"  hits="0"  signature="()V" >
				<lines><line number="4"  hits="0" /></lines>
			</method>
			<method name="(anonymous_353)"  hits="0"  signature="()V" >
				<lines><line number="4"  hits="0" /></lines>
			</method>
			<method name="walk"  hits="0"  signature="()V" >
				<lines><line number="4"  hits="0" /></lines>
			</method>
			<method name="(anonymous_355)"  hits="0"  signature="()V" >
				<lines><line number="4"  hits="0" /></lines>
			</method>
			<method name="(anonymous_356)"  hits="1"  signature="()V" >
				<lines><line number="4"  hits="1" /></lines>
			</method>
			<method name="(anonymous_357)"  hits="0"  signature="()V" >
				<lines><line number="4"  hits="0" /></lines>
			</method>
			<method name="(anonymous_358)"  hits="0"  signature="()V" >
				<lines><line number="4"  hits="0" /></lines>
			</method>
			<method name="(anonymous_359)"  hits="0"  signature="()V" >
				<lines><line number="4"  hits="0" /></lines>
			</method>
			<method name="(anonymous_360)"  hits="0"  signature="()V" >
				<lines><line number="4"  hits="0" /></lines>
			</method>
			<method name="e"  hits="0"  signature="()V" >
				<lines><line number="4"  hits="0" /></lines>
			</method>
			<method name="(anonymous_362)"  hits="0"  signature="()V" >
				<lines><line number="4"  hits="0" /></lines>
			</method>
			<method name="(anonymous_363)"  hits="0"  signature="()V" >
				<lines><line number="4"  hits="0" /></lines>
			</method>
			<method name="(anonymous_364)"  hits="0"  signature="()V" >
				<lines><line number="4"  hits="0" /></lines>
			</method>
			<method name="(anonymous_365)"  hits="0"  signature="()V" >
				<lines><line number="4"  hits="0" /></lines>
			</method>
			<method name="(anonymous_366)"  hits="0"  signature="()V" >
				<lines><line number="4"  hits="0" /></lines>
			</method>
			<method name="(anonymous_367)"  hits="0"  signature="()V" >
				<lines><line number="4"  hits="0" /></lines>
			</method>
			<method name="f"  hits="0"  signature="()V" >
				<lines><line number="4"  hits="0" /></lines>
			</method>
			<method name="g"  hits="0"  signature="()V" >
				<lines><line number="4"  hits="0" /></lines>
			</method>
			<method name="(anonymous_370)"  hits="0"  signature="()V" >
				<lines><line number="4"  hits="0" /></lines>
			</method>
			<method name="(anonymous_371)"  hits="1"  signature="()V" >
				<lines><line number="4"  hits="1" /></lines>
			</method>
			<method name="(anonymous_372)"  hits="0"  signature="()V" >
				<lines><line number="4"  hits="0" /></lines>
			</method>
			<method name="(anonymous_373)"  hits="0"  signature="()V" >
				<lines><line number="4"  hits="0" /></lines>
			</method>
			<method name="a"  hits="0"  signature="()V" >
				<lines><line number="4"  hits="0" /></lines>
			</method>
			<method name="g"  hits="0"  signature="()V" >
				<lines><line number="4"  hits="0" /></lines>
			</method>
			<method name="e"  hits="0"  signature="()V" >
				<lines><line number="4"  hits="0" /></lines>
			</method>
			<method name="c"  hits="2"  signature="()V" >
				<lines><line number="4"  hits="2" /></lines>
			</method>
			<method name="(anonymous_378)"  hits="0"  signature="()V" >
				<lines><line number="4"  hits="0" /></lines>
			</method>
			<method name="d"  hits="0"  signature="()V" >
				<lines><line number="4"  hits="0" /></lines>
			</method>
			<method name="(anonymous_380)"  hits="0"  signature="()V" >
				<lines><line number="4"  hits="0" /></lines>
			</method>
			<method name="o"  hits="3"  signature="()V" >
				<lines><line number="4"  hits="3" /></lines>
			</method>
			<method name="(anonymous_382)"  hits="0"  signature="()V" >
				<lines><line number="4"  hits="0" /></lines>
			</method>
			<method name="k"  hits="2"  signature="()V" >
				<lines><line number="4"  hits="2" /></lines>
			</method>
			<method name="(anonymous_384)"  hits="0"  signature="()V" >
				<lines><line number="4"  hits="0" /></lines>
			</method>
			<method name="(anonymous_385)"  hits="0"  signature="()V" >
				<lines><line number="4"  hits="0" /></lines>
			</method>
			<method name="(anonymous_386)"  hits="0"  signature="()V" >
				<lines><line number="4"  hits="0" /></lines>
			</method>
			<method name="(anonymous_387)"  hits="0"  signature="()V" >
				<lines><line number="4"  hits="0" /></lines>
			</method>
			<method name="(anonymous_388)"  hits="0"  signature="()V" >
				<lines><line number="4"  hits="0" /></lines>
			</method>
			<method name="(anonymous_389)"  hits="0"  signature="()V" >
				<lines><line number="4"  hits="0" /></lines>
			</method>
			<method name="m"  hits="0"  signature="()V" >
				<lines><line number="4"  hits="0" /></lines>
			</method>
			<method name="i"  hits="0"  signature="()V" >
				<lines><line number="4"  hits="0" /></lines>
			</method>
			<method name="b"  hits="1"  signature="()V" >
				<lines><line number="4"  hits="1" /></lines>
			</method>
			<method name="(anonymous_393)"  hits="0"  signature="()V" >
				<lines><line number="4"  hits="0" /></lines>
			</method>
			<method name="(anonymous_394)"  hits="0"  signature="()V" >
				<lines><line number="4"  hits="0" /></lines>
			</method>
			<method name="(anonymous_395)"  hits="0"  signature="()V" >
				<lines><line number="4"  hits="0" /></lines>
			</method>
			<method name="(anonymous_396)"  hits="0"  signature="()V" >
				<lines><line number="4"  hits="0" /></lines>
			</method>
			<method name="(anonymous_397)"  hits="0"  signature="()V" >
				<lines><line number="4"  hits="0" /></lines>
			</method>
			<method name="(anonymous_398)"  hits="0"  signature="()V" >
				<lines><line number="4"  hits="0" /></lines>
			</method>
			<method name="(anonymous_399)"  hits="3"  signature="()V" >
				<lines><line number="4"  hits="3" /></lines>
			</method>
			<method name="(anonymous_400)"  hits="0"  signature="()V" >
				<lines><line number="4"  hits="0" /></lines>
			</method>
			<method name="(anonymous_401)"  hits="0"  signature="()V" >
				<lines><line number="4"  hits="0" /></lines>
			</method>
			<method name="(anonymous_402)"  hits="0"  signature="()V" >
				<lines><line number="4"  hits="0" /></lines>
			</method>
			<method name="(anonymous_403)"  hits="0"  signature="()V" >
				<lines><line number="4"  hits="0" /></lines>
			</method>
			<method name="(anonymous_404)"  hits="0"  signature="()V" >
				<lines><line number="4"  hits="0" /></lines>
			</method>
			<method name="(anonymous_405)"  hits="0"  signature="()V" >
				<lines><line number="4"  hits="0" /></lines>
			</method>
			<method name="(anonymous_406)"  hits="1"  signature="()V" >
				<lines><line number="4"  hits="1" /></lines>
			</method>
			<method name="j"  hits="0"  signature="()V" >
				<lines><line number="4"  hits="0" /></lines>
			</method>
			<method name="h"  hits="0"  signature="()V" >
				<lines><line number="4"  hits="0" /></lines>
			</method>
			<method name="e"  hits="0"  signature="()V" >
				<lines><line number="4"  hits="0" /></lines>
			</method>
			<method name="(anonymous_410)"  hits="0"  signature="()V" >
				<lines><line number="4"  hits="0" /></lines>
			</method>
			<method name="(anonymous_411)"  hits="0"  signature="()V" >
				<lines><line number="4"  hits="0" /></lines>
			</method>
			<method name="(anonymous_412)"  hits="0"  signature="()V" >
				<lines><line number="4"  hits="0" /></lines>
			</method>
			<method name="(anonymous_413)"  hits="0"  signature="()V" >
				<lines><line number="4"  hits="0" /></lines>
			</method>
			<method name="(anonymous_414)"  hits="0"  signature="()V" >
				<lines><line number="4"  hits="0" /></lines>
			</method>
			<method name="(anonymous_415)"  hits="0"  signature="()V" >
				<lines><line number="4"  hits="0" /></lines>
			</method>
			<method name="(anonymous_416)"  hits="0"  signature="()V" >
				<lines><line number="4"  hits="0" /></lines>
			</method>
			<method name="(anonymous_417)"  hits="0"  signature="()V" >
				<lines><line number="4"  hits="0" /></lines>
			</method>
			<method name="(anonymous_418)"  hits="1"  signature="()V" >
				<lines><line number="4"  hits="1" /></lines>
			</method>
			<method name="a"  hits="1"  signature="()V" >
				<lines><line number="4"  hits="1" /></lines>
			</method>
			<method name="(anonymous_420)"  hits="1"  signature="()V" >
				<lines><line number="4"  hits="1" /></lines>
			</method>
			<method name="(anonymous_421)"  hits="0"  signature="()V" >
				<lines><line number="4"  hits="0" /></lines>
			</method>
			<method name="(anonymous_422)"  hits="0"  signature="()V" >
				<lines><line number="4"  hits="0" /></lines>
			</method>
			<method name="(anonymous_423)"  hits="0"  signature="()V" >
				<lines><line number="4"  hits="0" /></lines>
			</method>
			<method name="(anonymous_424)"  hits="0"  signature="()V" >
				<lines><line number="4"  hits="0" /></lines>
			</method>
			<method name="(anonymous_425)"  hits="0"  signature="()V" >
				<lines><line number="4"  hits="0" /></lines>
			</method>
			<method name="(anonymous_426)"  hits="0"  signature="()V" >
				<lines><line number="4"  hits="0" /></lines>
			</method>
			<method name="(anonymous_427)"  hits="0"  signature="()V" >
				<lines><line number="4"  hits="0" /></lines>
			</method>
			<method name="(anonymous_428)"  hits="1"  signature="()V" >
				<lines><line number="4"  hits="1" /></lines>
			</method>
			<method name="a"  hits="1"  signature="()V" >
				<lines><line number="4"  hits="1" /></lines>
			</method>
			<method name="(anonymous_430)"  hits="0"  signature="()V" >
				<lines><line number="4"  hits="0" /></lines>
			</method>
			<method name="(anonymous_431)"  hits="0"  signature="()V" >
				<lines><line number="4"  hits="0" /></lines>
			</method>
			<method name="(anonymous_432)"  hits="0"  signature="()V" >
				<lines><line number="4"  hits="0" /></lines>
			</method>
			<method name="(anonymous_433)"  hits="0"  signature="()V" >
				<lines><line number="4"  hits="0" /></lines>
			</method>
			<method name="(anonymous_434)"  hits="0"  signature="()V" >
				<lines><line number="4"  hits="0" /></lines>
			</method>
			<method name="(anonymous_435)"  hits="1"  signature="()V" >
				<lines><line number="4"  hits="1" /></lines>
			</method>
			<method name="(anonymous_436)"  hits="0"  signature="()V" >
				<lines><line number="4"  hits="0" /></lines>
			</method>
			<method name="(anonymous_437)"  hits="0"  signature="()V" >
				<lines><line number="4"  hits="0" /></lines>
			</method>
			<method name="(anonymous_438)"  hits="0"  signature="()V" >
				<lines><line number="4"  hits="0" /></lines>
			</method>
			<method name="(anonymous_439)"  hits="0"  signature="()V" >
				<lines><line number="4"  hits="0" /></lines>
			</method>
			<method name="(anonymous_440)"  hits="0"  signature="()V" >
				<lines><line number="4"  hits="0" /></lines>
			</method>
			<method name="(anonymous_441)"  hits="0"  signature="()V" >
				<lines><line number="4"  hits="0" /></lines>
			</method>
			<method name="(anonymous_442)"  hits="0"  signature="()V" >
				<lines><line number="4"  hits="0" /></lines>
			</method>
			<method name="(anonymous_443)"  hits="0"  signature="()V" >
				<lines><line number="4"  hits="0" /></lines>
			</method>
			<method name="(anonymous_444)"  hits="0"  signature="()V" >
				<lines><line number="4"  hits="0" /></lines>
			</method>
			<method name="(anonymous_445)"  hits="0"  signature="()V" >
				<lines><line number="4"  hits="0" /></lines>
			</method>
			<method name="(anonymous_446)"  hits="0"  signature="()V" >
				<lines><line number="4"  hits="0" /></lines>
			</method>
			<method name="(anonymous_447)"  hits="0"  signature="()V" >
				<lines><line number="4"  hits="0" /></lines>
			</method>
			<method name="(anonymous_448)"  hits="0"  signature="()V" >
				<lines><line number="4"  hits="0" /></lines>
			</method>
			<method name="(anonymous_449)"  hits="1"  signature="()V" >
				<lines><line number="4"  hits="1" /></lines>
			</method>
			<method name="a"  hits="6"  signature="()V" >
				<lines><line number="4"  hits="6" /></lines>
			</method>
			<method name="(anonymous_451)"  hits="0"  signature="()V" >
				<lines><line number="4"  hits="0" /></lines>
			</method>
			<method name="(anonymous_452)"  hits="6"  signature="()V" >
				<lines><line number="4"  hits="6" /></lines>
			</method>
			<method name="f"  hits="0"  signature="()V" >
				<lines><line number="4"  hits="0" /></lines>
			</method>
			<method name="k"  hits="0"  signature="()V" >
				<lines><line number="4"  hits="0" /></lines>
			</method>
			<method name="(anonymous_455)"  hits="0"  signature="()V" >
				<lines><line number="4"  hits="0" /></lines>
			</method>
			<method name="c"  hits="0"  signature="()V" >
				<lines><line number="4"  hits="0" /></lines>
			</method>
			<method name="(anonymous_457)"  hits="0"  signature="()V" >
				<lines><line number="4"  hits="0" /></lines>
			</method>
			<method name="(anonymous_458)"  hits="0"  signature="()V" >
				<lines><line number="4"  hits="0" /></lines>
			</method>
			<method name="(anonymous_459)"  hits="0"  signature="()V" >
				<lines><line number="4"  hits="0" /></lines>
			</method>
			<method name="(anonymous_460)"  hits="0"  signature="()V" >
				<lines><line number="4"  hits="0" /></lines>
			</method>
			<method name="(anonymous_461)"  hits="0"  signature="()V" >
				<lines><line number="4"  hits="0" /></lines>
			</method>
			<method name="(anonymous_462)"  hits="0"  signature="()V" >
				<lines><line number="4"  hits="0" /></lines>
			</method>
			<method name="(anonymous_463)"  hits="0"  signature="()V" >
				<lines><line number="4"  hits="0" /></lines>
			</method>
			<method name="(anonymous_464)"  hits="0"  signature="()V" >
				<lines><line number="4"  hits="0" /></lines>
			</method>
			<method name="(anonymous_465)"  hits="0"  signature="()V" >
				<lines><line number="4"  hits="0" /></lines>
			</method>
			<method name="(anonymous_466)"  hits="0"  signature="()V" >
				<lines><line number="4"  hits="0" /></lines>
			</method>
			<method name="(anonymous_467)"  hits="0"  signature="()V" >
				<lines><line number="4"  hits="0" /></lines>
			</method>
			<method name="(anonymous_468)"  hits="0"  signature="()V" >
				<lines><line number="4"  hits="0" /></lines>
			</method>
			<method name="(anonymous_469)"  hits="0"  signature="()V" >
				<lines><line number="4"  hits="0" /></lines>
			</method>
			<method name="(anonymous_470)"  hits="0"  signature="()V" >
				<lines><line number="4"  hits="0" /></lines>
			</method>
			<method name="(anonymous_471)"  hits="0"  signature="()V" >
				<lines><line number="4"  hits="0" /></lines>
			</method>
			<method name="(anonymous_472)"  hits="0"  signature="()V" >
				<lines><line number="4"  hits="0" /></lines>
			</method>
			<method name="(anonymous_473)"  hits="0"  signature="()V" >
				<lines><line number="4"  hits="0" /></lines>
			</method>
			<method name="(anonymous_474)"  hits="0"  signature="()V" >
				<lines><line number="4"  hits="0" /></lines>
			</method>
			<method name="(anonymous_475)"  hits="0"  signature="()V" >
				<lines><line number="4"  hits="0" /></lines>
			</method>
			<method name="(anonymous_476)"  hits="0"  signature="()V" >
				<lines><line number="4"  hits="0" /></lines>
			</method>
			<method name="h"  hits="0"  signature="()V" >
				<lines><line number="4"  hits="0" /></lines>
			</method>
			<method name="(anonymous_478)"  hits="0"  signature="()V" >
				<lines><line number="4"  hits="0" /></lines>
			</method>
			<method name="(anonymous_479)"  hits="0"  signature="()V" >
				<lines><line number="4"  hits="0" /></lines>
			</method>
			<method name="(anonymous_480)"  hits="0"  signature="()V" >
				<lines><line number="4"  hits="0" /></lines>
			</method>
			<method name="(anonymous_481)"  hits="0"  signature="()V" >
				<lines><line number="4"  hits="0" /></lines>
			</method>
			<method name="(anonymous_482)"  hits="0"  signature="()V" >
				<lines><line number="4"  hits="0" /></lines>
			</method>
			<method name="(anonymous_483)"  hits="0"  signature="()V" >
				<lines><line number="4"  hits="0" /></lines>
			</method>
			<method name="(anonymous_484)"  hits="0"  signature="()V" >
				<lines><line number="4"  hits="0" /></lines>
			</method>
			<method name="(anonymous_485)"  hits="0"  signature="()V" >
				<lines><line number="4"  hits="0" /></lines>
			</method>
			<method name="(anonymous_486)"  hits="0"  signature="()V" >
				<lines><line number="4"  hits="0" /></lines>
			</method>
			<method name="(anonymous_487)"  hits="0"  signature="()V" >
				<lines><line number="4"  hits="0" /></lines>
			</method>
			<method name="b"  hits="0"  signature="()V" >
				<lines><line number="4"  hits="0" /></lines>
			</method>
			<method name="(anonymous_489)"  hits="0"  signature="()V" >
				<lines><line number="4"  hits="0" /></lines>
			</method>
			<method name="(anonymous_490)"  hits="0"  signature="()V" >
				<lines><line number="4"  hits="0" /></lines>
			</method>
			<method name="(anonymous_491)"  hits="0"  signature="()V" >
				<lines><line number="4"  hits="0" /></lines>
			</method>
			<method name="(anonymous_492)"  hits="0"  signature="()V" >
				<lines><line number="4"  hits="0" /></lines>
			</method>
			<method name="(anonymous_493)"  hits="0"  signature="()V" >
				<lines><line number="4"  hits="0" /></lines>
			</method>
			<method name="(anonymous_494)"  hits="0"  signature="()V" >
				<lines><line number="4"  hits="0" /></lines>
			</method>
			<method name="(anonymous_495)"  hits="0"  signature="()V" >
				<lines><line number="4"  hits="0" /></lines>
			</method>
			<method name="(anonymous_496)"  hits="0"  signature="()V" >
				<lines><line number="4"  hits="0" /></lines>
			</method>
			<method name="(anonymous_497)"  hits="0"  signature="()V" >
				<lines><line number="4"  hits="0" /></lines>
			</method>
			<method name="(anonymous_498)"  hits="0"  signature="()V" >
				<lines><line number="4"  hits="0" /></lines>
			</method>
		</methods>
		<lines>
			<line number="4"  hits="9"  branch="true"  condition-coverage="0.5300821627352239% (20/3773)" />
		</lines>
		</class>
		<class name="outputScripts.js"  filename="src/js/outputScripts.js"  line-rate="0.7333"  branch-rate="1" >
		<methods>
			<method name="fillQuestionNames"  hits="1"  signature="()V" >
				<lines><line number="6"  hits="1" /></lines>
			</method>
			<method name="(anonymous_2)"  hits="3"  signature="()V" >
				<lines><line number="7"  hits="3" /></lines>
			</method>
			<method name="fillGrade"  hits="1"  signature="()V" >
				<lines><line number="15"  hits="1" /></lines>
			</method>
			<method name="(anonymous_4)"  hits="1"  signature="()V" >
				<lines><line number="16"  hits="1" /></lines>
			</method>
			<method name="makeComments"  hits="0"  signature="()V" >
				<lines><line number="22"  hits="0" /></lines>
			</method>
			<method name="(anonymous_6)"  hits="0"  signature="()V" >
				<lines><line number="26"  hits="0" /></lines>
			</method>
		</methods>
		<lines>
			<line number="6"  hits="1"  branch="false" />
			<line number="7"  hits="1"  branch="false" />
			<line number="8"  hits="3"  branch="false" />
			<line number="9"  hits="3"  branch="false" />
			<line number="10"  hits="3"  branch="false" />
			<line number="11"  hits="3"  branch="false" />
			<line number="15"  hits="1"  branch="false" />
			<line number="16"  hits="1"  branch="false" />
			<line number="17"  hits="1"  branch="false" />
			<line number="18"  hits="1"  branch="false" />
			<line number="22"  hits="1"  branch="false" />
			<line number="23"  hits="0"  branch="false" />
			<line number="24"  hits="0"  branch="false" />
			<line number="26"  hits="0"  branch="false" />
			<line number="27"  hits="0"  branch="false" />
		</lines>
		</class>
	</classes>
	</package>
</packages>
</coverage>
